<?xml version="1.0" encoding="UTF-8"?>
<robot generator="Robot 6.0.2 (Python 3.10.5 on darwin)" generated="20230130 11:53:44.260" rpa="false" schemaversion="3">
<suite id="s1" name="Acceptance" source="/Users/runtime/PycharmProjects/RuntimeRegression/Tests/TestSuites/3E/RegressionTests/Acceptance">
<suite id="s1-s1" name="Alarms" source="/Users/runtime/PycharmProjects/RuntimeRegression/Tests/TestSuites/3E/RegressionTests/Acceptance/Alarms.robot">
<test id="s1-s1-t1" name="Access Alarms Manager" line="26">
<kw name="Open Browser To ACCEPTANCE Login Page" library="Keywords" type="SETUP">
<kw name="Open Browser" library="SeleniumLibrary">
<arg>${ACCEPTANCE LOGIN URL}</arg>
<arg>${BROWSER1}</arg>
<doc>Opens a new browser instance to the optional ``url``.</doc>
<msg timestamp="20230130 11:53:47.537" level="INFO">Opening browser 'headlesschrome' to base url 'https://admin.3esynaptiq.com/sq2020/sign-in'.</msg>
<status status="PASS" starttime="20230130 11:53:47.537" endtime="20230130 11:53:53.816"/>
</kw>
<kw name="Maximize Browser Window" library="SeleniumLibrary">
<doc>Maximizes current browser window.</doc>
<status status="PASS" starttime="20230130 11:53:53.816" endtime="20230130 11:53:53.974"/>
</kw>
<kw name="Set Selenium Speed" library="SeleniumLibrary">
<arg>0.5s</arg>
<doc>Sets the delay that is waited after each Selenium command.</doc>
<status status="PASS" starttime="20230130 11:53:53.974" endtime="20230130 11:53:53.975"/>
</kw>
<kw name="Set Browser Implicit Wait" library="SeleniumLibrary">
<arg>5s</arg>
<doc>Sets the implicit wait value used by Selenium.</doc>
<status status="PASS" starttime="20230130 11:53:53.975" endtime="20230130 11:53:54.478"/>
</kw>
<kw name="Sleep" library="BuiltIn">
<arg>2s</arg>
<doc>Pauses the test executed for the given time.</doc>
<msg timestamp="20230130 11:53:56.482" level="INFO">Slept 2 seconds</msg>
<status status="PASS" starttime="20230130 11:53:54.479" endtime="20230130 11:53:56.482"/>
</kw>
<status status="PASS" starttime="20230130 11:53:47.536" endtime="20230130 11:53:56.482"/>
</kw>
<kw name="Login Acceptance" library="Keywords">
<doc>This keyword will perfom the steps for a valid login in ACCEPTANCE</doc>
<kw name="Input Text" library="SeleniumLibrary">
<arg>name=username</arg>
<arg>${ACCEPTANCE USERNAME 1}</arg>
<doc>Types the given ``text`` into the text field identified by ``locator``.</doc>
<msg timestamp="20230130 11:53:56.485" level="INFO">Typing text 'runtimerev' into text field 'name=username'.</msg>
<status status="PASS" starttime="20230130 11:53:56.483" endtime="20230130 11:53:58.153"/>
</kw>
<kw name="Input Password" library="SeleniumLibrary">
<arg>name=password</arg>
<arg>${ACCEPTANCE PASSWORD 1}</arg>
<doc>Types the given password into the text field identified by ``locator``.</doc>
<msg timestamp="20230130 11:53:58.154" level="INFO">Typing password into text field 'name=password'.</msg>
<msg timestamp="20230130 11:53:59.198" level="INFO">Temporally setting log level to: NONE</msg>
<msg timestamp="20230130 11:53:59.756" level="INFO">Log level changed from NONE to INFO.</msg>
<status status="PASS" starttime="20230130 11:53:58.153" endtime="20230130 11:53:59.757"/>
</kw>
<kw name="Click Element" library="SeleniumLibrary">
<arg>class=button</arg>
<doc>Click the element identified by ``locator``.</doc>
<msg timestamp="20230130 11:53:59.758" level="INFO">Clicking element 'class=button'.</msg>
<status status="PASS" starttime="20230130 11:53:59.757" endtime="20230130 11:54:00.957"/>
</kw>
<status status="PASS" starttime="20230130 11:53:56.483" endtime="20230130 11:54:00.958"/>
</kw>
<kw name="Access Alarms Manager" library="Keywords">
<doc>This keyword will include the steps to access the alarms manager</doc>
<kw name="Wait Until Element Is Visible" library="SeleniumLibrary">
<arg>//*[@id="root"]/div/div[2]/div[1]/a[4]/div</arg>
<arg>15s</arg>
<doc>Waits until the element ``locator`` is visible.</doc>
<status status="PASS" starttime="20230130 11:54:00.959" endtime="20230130 11:54:02.510"/>
</kw>
<kw name="Click Element" library="SeleniumLibrary">
<arg>//*[@id="root"]/div/div[2]/div[1]/a[4]/div</arg>
<doc>Click the element identified by ``locator``.</doc>
<msg timestamp="20230130 11:54:02.511" level="INFO">Clicking element '//*[@id="root"]/div/div[2]/div[1]/a[4]/div'.</msg>
<status status="PASS" starttime="20230130 11:54:02.510" endtime="20230130 11:54:03.966"/>
</kw>
<kw name="Sleep" library="BuiltIn">
<arg>2s</arg>
<doc>Pauses the test executed for the given time.</doc>
<msg timestamp="20230130 11:54:05.967" level="INFO">Slept 2 seconds</msg>
<status status="PASS" starttime="20230130 11:54:03.966" endtime="20230130 11:54:05.967"/>
</kw>
<status status="PASS" starttime="20230130 11:54:00.958" endtime="20230130 11:54:05.967"/>
</kw>
<kw name="Finalize Test Case" library="Keywords" type="TEARDOWN">
<doc>This will includ a wait time of 2 seconds and the [Teardown] close browser keyword</doc>
<kw name="Sleep" library="BuiltIn">
<arg>4s</arg>
<doc>Pauses the test executed for the given time.</doc>
<msg timestamp="20230130 11:54:09.968" level="INFO">Slept 4 seconds</msg>
<status status="PASS" starttime="20230130 11:54:05.968" endtime="20230130 11:54:09.969"/>
</kw>
<kw name="Close Browser" library="SeleniumLibrary" type="TEARDOWN">
<doc>Closes the current browser.</doc>
<status status="PASS" starttime="20230130 11:54:09.969" endtime="20230130 11:54:10.533"/>
</kw>
<status status="PASS" starttime="20230130 11:54:05.968" endtime="20230130 11:54:10.533"/>
</kw>
<doc>This test will simulate a user login and access to the Alarms Manager</doc>
<tag>acceptance</tag>
<tag>alarms</tag>
<tag>demonstration</tag>
<tag>manager</tag>
<tag>regression</tag>
<tag>sprint60</tag>
<status status="PASS" starttime="20230130 11:53:47.534" endtime="20230130 11:54:10.534"/>
</test>
<test id="s1-s1-t2" name="&quot;Use Default&quot; button check" line="34">
<kw name="Open Browser To ACCEPTANCE Login Page" library="Keywords" type="SETUP">
<kw name="Open Browser" library="SeleniumLibrary">
<arg>${ACCEPTANCE LOGIN URL}</arg>
<arg>${BROWSER1}</arg>
<doc>Opens a new browser instance to the optional ``url``.</doc>
<msg timestamp="20230130 11:54:10.537" level="INFO">Opening browser 'headlesschrome' to base url 'https://admin.3esynaptiq.com/sq2020/sign-in'.</msg>
<status status="PASS" starttime="20230130 11:54:10.536" endtime="20230130 11:54:14.314"/>
</kw>
<kw name="Maximize Browser Window" library="SeleniumLibrary">
<doc>Maximizes current browser window.</doc>
<status status="PASS" starttime="20230130 11:54:14.315" endtime="20230130 11:54:14.946"/>
</kw>
<kw name="Set Selenium Speed" library="SeleniumLibrary">
<arg>0.5s</arg>
<doc>Sets the delay that is waited after each Selenium command.</doc>
<status status="PASS" starttime="20230130 11:54:14.946" endtime="20230130 11:54:14.947"/>
</kw>
<kw name="Set Browser Implicit Wait" library="SeleniumLibrary">
<arg>5s</arg>
<doc>Sets the implicit wait value used by Selenium.</doc>
<status status="PASS" starttime="20230130 11:54:14.947" endtime="20230130 11:54:15.452"/>
</kw>
<kw name="Sleep" library="BuiltIn">
<arg>2s</arg>
<doc>Pauses the test executed for the given time.</doc>
<msg timestamp="20230130 11:54:17.453" level="INFO">Slept 2 seconds</msg>
<status status="PASS" starttime="20230130 11:54:15.453" endtime="20230130 11:54:17.453"/>
</kw>
<status status="PASS" starttime="20230130 11:54:10.535" endtime="20230130 11:54:17.454"/>
</kw>
<kw name="Login Acceptance" library="Keywords">
<doc>This keyword will perfom the steps for a valid login in ACCEPTANCE</doc>
<kw name="Input Text" library="SeleniumLibrary">
<arg>name=username</arg>
<arg>${ACCEPTANCE USERNAME 1}</arg>
<doc>Types the given ``text`` into the text field identified by ``locator``.</doc>
<msg timestamp="20230130 11:54:17.456" level="INFO">Typing text 'runtimerev' into text field 'name=username'.</msg>
<status status="PASS" starttime="20230130 11:54:17.455" endtime="20230130 11:54:19.092"/>
</kw>
<kw name="Input Password" library="SeleniumLibrary">
<arg>name=password</arg>
<arg>${ACCEPTANCE PASSWORD 1}</arg>
<doc>Types the given password into the text field identified by ``locator``.</doc>
<msg timestamp="20230130 11:54:19.094" level="INFO">Typing password into text field 'name=password'.</msg>
<msg timestamp="20230130 11:54:20.139" level="INFO">Temporally setting log level to: NONE</msg>
<msg timestamp="20230130 11:54:20.705" level="INFO">Log level changed from NONE to INFO.</msg>
<status status="PASS" starttime="20230130 11:54:19.093" endtime="20230130 11:54:20.705"/>
</kw>
<kw name="Click Element" library="SeleniumLibrary">
<arg>class=button</arg>
<doc>Click the element identified by ``locator``.</doc>
<msg timestamp="20230130 11:54:20.706" level="INFO">Clicking element 'class=button'.</msg>
<status status="PASS" starttime="20230130 11:54:20.705" endtime="20230130 11:54:21.783"/>
</kw>
<status status="PASS" starttime="20230130 11:54:17.454" endtime="20230130 11:54:21.784"/>
</kw>
<kw name="Access Alarms Manager" library="Keywords">
<doc>This keyword will include the steps to access the alarms manager</doc>
<kw name="Wait Until Element Is Visible" library="SeleniumLibrary">
<arg>//*[@id="root"]/div/div[2]/div[1]/a[4]/div</arg>
<arg>15s</arg>
<doc>Waits until the element ``locator`` is visible.</doc>
<status status="PASS" starttime="20230130 11:54:21.785" endtime="20230130 11:54:23.012"/>
</kw>
<kw name="Click Element" library="SeleniumLibrary">
<arg>//*[@id="root"]/div/div[2]/div[1]/a[4]/div</arg>
<doc>Click the element identified by ``locator``.</doc>
<msg timestamp="20230130 11:54:23.013" level="INFO">Clicking element '//*[@id="root"]/div/div[2]/div[1]/a[4]/div'.</msg>
<status status="PASS" starttime="20230130 11:54:23.012" endtime="20230130 11:54:24.355"/>
</kw>
<kw name="Sleep" library="BuiltIn">
<arg>2s</arg>
<doc>Pauses the test executed for the given time.</doc>
<msg timestamp="20230130 11:54:26.355" level="INFO">Slept 2 seconds</msg>
<status status="PASS" starttime="20230130 11:54:24.355" endtime="20230130 11:54:26.356"/>
</kw>
<status status="PASS" starttime="20230130 11:54:21.784" endtime="20230130 11:54:26.356"/>
</kw>
<kw name="Sleep" library="BuiltIn">
<arg>2s</arg>
<doc>Pauses the test executed for the given time.</doc>
<msg timestamp="20230130 11:54:28.357" level="INFO">Slept 2 seconds</msg>
<status status="PASS" starttime="20230130 11:54:26.356" endtime="20230130 11:54:28.358"/>
</kw>
<kw name="Click Element" library="SeleniumLibrary">
<arg>//*[@id="root"]/div/div[2]/div[1]/a[4]</arg>
<doc>Click the element identified by ``locator``.</doc>
<msg timestamp="20230130 11:54:28.359" level="INFO">Clicking element '//*[@id="root"]/div/div[2]/div[1]/a[4]'.</msg>
<status status="PASS" starttime="20230130 11:54:28.358" endtime="20230130 11:54:29.463"/>
</kw>
<kw name="Wait Until Element Is Visible" library="SeleniumLibrary">
<arg>//*[@id="mui-component-select-level"]</arg>
<arg>10s</arg>
<doc>Waits until the element ``locator`` is visible.</doc>
<status status="PASS" starttime="20230130 11:54:29.463" endtime="20230130 11:54:30.662"/>
</kw>
<kw name="Press Keys" library="SeleniumLibrary">
<arg>//*[@id="main-app"]/div[2]/div[2]/div[1]/div[1]/div/div[1]/input</arg>
<arg>inverter deviation</arg>
<arg>ENTER</arg>
<doc>Simulates the user pressing key(s) to an element or on the active browser.</doc>
<msg timestamp="20230130 11:54:30.664" level="INFO">Sending key(s) ('inverter deviation', 'ENTER') to //*[@id="main-app"]/div[2]/div[2]/div[1]/div[1]/div/div[1]/input element.</msg>
<msg timestamp="20230130 11:54:32.063" level="INFO">Sending keys inverter deviation</msg>
<msg timestamp="20230130 11:54:32.686" level="INFO">Pressing special key ENTER to element.</msg>
<msg timestamp="20230130 11:54:32.686" level="INFO">Releasing special key ENTER.</msg>
<status status="PASS" starttime="20230130 11:54:30.663" endtime="20230130 11:54:33.210"/>
</kw>
<kw name="Sleep" library="BuiltIn">
<arg>10s</arg>
<doc>Pauses the test executed for the given time.</doc>
<msg timestamp="20230130 11:54:43.211" level="INFO">Slept 10 seconds</msg>
<status status="PASS" starttime="20230130 11:54:33.210" endtime="20230130 11:54:43.212"/>
</kw>
<kw name="Finalize Test Case" library="Keywords" type="TEARDOWN">
<doc>This will includ a wait time of 2 seconds and the [Teardown] close browser keyword</doc>
<kw name="Sleep" library="BuiltIn">
<arg>4s</arg>
<doc>Pauses the test executed for the given time.</doc>
<msg timestamp="20230130 11:54:47.214" level="INFO">Slept 4 seconds</msg>
<status status="PASS" starttime="20230130 11:54:43.213" endtime="20230130 11:54:47.215"/>
</kw>
<kw name="Close Browser" library="SeleniumLibrary" type="TEARDOWN">
<doc>Closes the current browser.</doc>
<status status="PASS" starttime="20230130 11:54:47.215" endtime="20230130 11:54:47.779"/>
</kw>
<status status="PASS" starttime="20230130 11:54:43.212" endtime="20230130 11:54:47.779"/>
</kw>
<doc>The button "Use Default" should not be interactable and visible to the user</doc>
<tag>3715</tag>
<tag>acceptance</tag>
<tag>alarms</tag>
<tag>manager</tag>
<tag>regression</tag>
<status status="PASS" starttime="20230130 11:54:10.534" endtime="20230130 11:54:47.779"/>
</test>
<test id="s1-s1-t3" name="Add &amp; enable a new exception" line="52">
<kw name="Open Browser To ACCEPTANCE Login Page" library="Keywords" type="SETUP">
<kw name="Open Browser" library="SeleniumLibrary">
<arg>${ACCEPTANCE LOGIN URL}</arg>
<arg>${BROWSER1}</arg>
<doc>Opens a new browser instance to the optional ``url``.</doc>
<msg timestamp="20230130 11:54:47.783" level="INFO">Opening browser 'headlesschrome' to base url 'https://admin.3esynaptiq.com/sq2020/sign-in'.</msg>
<status status="PASS" starttime="20230130 11:54:47.782" endtime="20230130 11:54:51.154"/>
</kw>
<kw name="Maximize Browser Window" library="SeleniumLibrary">
<doc>Maximizes current browser window.</doc>
<status status="PASS" starttime="20230130 11:54:51.154" endtime="20230130 11:54:51.767"/>
</kw>
<kw name="Set Selenium Speed" library="SeleniumLibrary">
<arg>0.5s</arg>
<doc>Sets the delay that is waited after each Selenium command.</doc>
<status status="PASS" starttime="20230130 11:54:51.767" endtime="20230130 11:54:51.768"/>
</kw>
<kw name="Set Browser Implicit Wait" library="SeleniumLibrary">
<arg>5s</arg>
<doc>Sets the implicit wait value used by Selenium.</doc>
<status status="PASS" starttime="20230130 11:54:51.768" endtime="20230130 11:54:52.277"/>
</kw>
<kw name="Sleep" library="BuiltIn">
<arg>2s</arg>
<doc>Pauses the test executed for the given time.</doc>
<msg timestamp="20230130 11:54:54.279" level="INFO">Slept 2 seconds</msg>
<status status="PASS" starttime="20230130 11:54:52.278" endtime="20230130 11:54:54.280"/>
</kw>
<status status="PASS" starttime="20230130 11:54:47.781" endtime="20230130 11:54:54.280"/>
</kw>
<kw name="Login Acceptance" library="Keywords">
<doc>This keyword will perfom the steps for a valid login in ACCEPTANCE</doc>
<kw name="Input Text" library="SeleniumLibrary">
<arg>name=username</arg>
<arg>${ACCEPTANCE USERNAME 1}</arg>
<doc>Types the given ``text`` into the text field identified by ``locator``.</doc>
<msg timestamp="20230130 11:54:54.282" level="INFO">Typing text 'runtimerev' into text field 'name=username'.</msg>
<status status="PASS" starttime="20230130 11:54:54.281" endtime="20230130 11:54:55.924"/>
</kw>
<kw name="Input Password" library="SeleniumLibrary">
<arg>name=password</arg>
<arg>${ACCEPTANCE PASSWORD 1}</arg>
<doc>Types the given password into the text field identified by ``locator``.</doc>
<msg timestamp="20230130 11:54:55.925" level="INFO">Typing password into text field 'name=password'.</msg>
<msg timestamp="20230130 11:54:56.969" level="INFO">Temporally setting log level to: NONE</msg>
<msg timestamp="20230130 11:54:57.525" level="INFO">Log level changed from NONE to INFO.</msg>
<status status="PASS" starttime="20230130 11:54:55.924" endtime="20230130 11:54:57.525"/>
</kw>
<kw name="Click Element" library="SeleniumLibrary">
<arg>class=button</arg>
<doc>Click the element identified by ``locator``.</doc>
<msg timestamp="20230130 11:54:57.526" level="INFO">Clicking element 'class=button'.</msg>
<status status="PASS" starttime="20230130 11:54:57.525" endtime="20230130 11:54:58.600"/>
</kw>
<status status="PASS" starttime="20230130 11:54:54.280" endtime="20230130 11:54:58.600"/>
</kw>
<kw name="Access Alarms Manager" library="Keywords">
<doc>This keyword will include the steps to access the alarms manager</doc>
<kw name="Wait Until Element Is Visible" library="SeleniumLibrary">
<arg>//*[@id="root"]/div/div[2]/div[1]/a[4]/div</arg>
<arg>15s</arg>
<doc>Waits until the element ``locator`` is visible.</doc>
<status status="PASS" starttime="20230130 11:54:58.601" endtime="20230130 11:54:59.689"/>
</kw>
<kw name="Click Element" library="SeleniumLibrary">
<arg>//*[@id="root"]/div/div[2]/div[1]/a[4]/div</arg>
<doc>Click the element identified by ``locator``.</doc>
<msg timestamp="20230130 11:54:59.689" level="INFO">Clicking element '//*[@id="root"]/div/div[2]/div[1]/a[4]/div'.</msg>
<status status="PASS" starttime="20230130 11:54:59.689" endtime="20230130 11:55:01.063"/>
</kw>
<kw name="Sleep" library="BuiltIn">
<arg>2s</arg>
<doc>Pauses the test executed for the given time.</doc>
<msg timestamp="20230130 11:55:03.065" level="INFO">Slept 2 seconds</msg>
<status status="PASS" starttime="20230130 11:55:01.064" endtime="20230130 11:55:03.066"/>
</kw>
<status status="PASS" starttime="20230130 11:54:58.600" endtime="20230130 11:55:03.066"/>
</kw>
<kw name="Click Element" library="SeleniumLibrary">
<arg>//*[@id="root"]/div/div[2]/div[1]/a[4]</arg>
<doc>Click the element identified by ``locator``.</doc>
<msg timestamp="20230130 11:55:03.067" level="INFO">Clicking element '//*[@id="root"]/div/div[2]/div[1]/a[4]'.</msg>
<status status="PASS" starttime="20230130 11:55:03.066" endtime="20230130 11:55:04.181"/>
</kw>
<kw name="Finalize Test Case" library="Keywords" type="TEARDOWN">
<doc>This will includ a wait time of 2 seconds and the [Teardown] close browser keyword</doc>
<kw name="Sleep" library="BuiltIn">
<arg>4s</arg>
<doc>Pauses the test executed for the given time.</doc>
<msg timestamp="20230130 11:55:08.182" level="INFO">Slept 4 seconds</msg>
<status status="PASS" starttime="20230130 11:55:04.181" endtime="20230130 11:55:08.182"/>
</kw>
<kw name="Close Browser" library="SeleniumLibrary" type="TEARDOWN">
<doc>Closes the current browser.</doc>
<status status="PASS" starttime="20230130 11:55:08.183" endtime="20230130 11:55:08.745"/>
</kw>
<status status="PASS" starttime="20230130 11:55:04.181" endtime="20230130 11:55:08.745"/>
</kw>
<doc>After adding an exception, 'Enable Exception' button should be displayed instead of 'Enable'</doc>
<tag>3791</tag>
<tag>acceptance</tag>
<tag>alarms</tag>
<tag>exception</tag>
<tag>manager</tag>
<tag>regression</tag>
<status status="PASS" starttime="20230130 11:54:47.780" endtime="20230130 11:55:08.745"/>
</test>
<test id="s1-s1-t4" name="Disable &amp; Enable Alarm through the panel button" line="62">
<kw name="Open Browser To ACCEPTANCE Login Page" library="Keywords" type="SETUP">
<kw name="Open Browser" library="SeleniumLibrary">
<arg>${ACCEPTANCE LOGIN URL}</arg>
<arg>${BROWSER1}</arg>
<doc>Opens a new browser instance to the optional ``url``.</doc>
<msg timestamp="20230130 11:55:08.748" level="INFO">Opening browser 'headlesschrome' to base url 'https://admin.3esynaptiq.com/sq2020/sign-in'.</msg>
<status status="PASS" starttime="20230130 11:55:08.748" endtime="20230130 11:55:14.858"/>
</kw>
<kw name="Maximize Browser Window" library="SeleniumLibrary">
<doc>Maximizes current browser window.</doc>
<status status="PASS" starttime="20230130 11:55:14.859" endtime="20230130 11:55:15.472"/>
</kw>
<kw name="Set Selenium Speed" library="SeleniumLibrary">
<arg>0.5s</arg>
<doc>Sets the delay that is waited after each Selenium command.</doc>
<status status="PASS" starttime="20230130 11:55:15.472" endtime="20230130 11:55:15.473"/>
</kw>
<kw name="Set Browser Implicit Wait" library="SeleniumLibrary">
<arg>5s</arg>
<doc>Sets the implicit wait value used by Selenium.</doc>
<status status="PASS" starttime="20230130 11:55:15.473" endtime="20230130 11:55:15.979"/>
</kw>
<kw name="Sleep" library="BuiltIn">
<arg>2s</arg>
<doc>Pauses the test executed for the given time.</doc>
<msg timestamp="20230130 11:55:17.980" level="INFO">Slept 2 seconds</msg>
<status status="PASS" starttime="20230130 11:55:15.979" endtime="20230130 11:55:17.981"/>
</kw>
<status status="PASS" starttime="20230130 11:55:08.747" endtime="20230130 11:55:17.981"/>
</kw>
<kw name="Login Acceptance" library="Keywords">
<doc>This keyword will perfom the steps for a valid login in ACCEPTANCE</doc>
<kw name="Input Text" library="SeleniumLibrary">
<arg>name=username</arg>
<arg>${ACCEPTANCE USERNAME 1}</arg>
<doc>Types the given ``text`` into the text field identified by ``locator``.</doc>
<msg timestamp="20230130 11:55:17.983" level="INFO">Typing text 'runtimerev' into text field 'name=username'.</msg>
<status status="PASS" starttime="20230130 11:55:17.982" endtime="20230130 11:55:19.661"/>
</kw>
<kw name="Input Password" library="SeleniumLibrary">
<arg>name=password</arg>
<arg>${ACCEPTANCE PASSWORD 1}</arg>
<doc>Types the given password into the text field identified by ``locator``.</doc>
<msg timestamp="20230130 11:55:19.662" level="INFO">Typing password into text field 'name=password'.</msg>
<msg timestamp="20230130 11:55:20.708" level="INFO">Temporally setting log level to: NONE</msg>
<msg timestamp="20230130 11:55:21.258" level="INFO">Log level changed from NONE to INFO.</msg>
<status status="PASS" starttime="20230130 11:55:19.661" endtime="20230130 11:55:21.258"/>
</kw>
<kw name="Click Element" library="SeleniumLibrary">
<arg>class=button</arg>
<doc>Click the element identified by ``locator``.</doc>
<msg timestamp="20230130 11:55:21.259" level="INFO">Clicking element 'class=button'.</msg>
<status status="PASS" starttime="20230130 11:55:21.258" endtime="20230130 11:55:22.341"/>
</kw>
<status status="PASS" starttime="20230130 11:55:17.981" endtime="20230130 11:55:22.341"/>
</kw>
<kw name="Access Alarms Manager" library="Keywords">
<doc>This keyword will include the steps to access the alarms manager</doc>
<kw name="Wait Until Element Is Visible" library="SeleniumLibrary">
<arg>//*[@id="root"]/div/div[2]/div[1]/a[4]/div</arg>
<arg>15s</arg>
<doc>Waits until the element ``locator`` is visible.</doc>
<status status="PASS" starttime="20230130 11:55:22.342" endtime="20230130 11:55:23.544"/>
</kw>
<kw name="Click Element" library="SeleniumLibrary">
<arg>//*[@id="root"]/div/div[2]/div[1]/a[4]/div</arg>
<doc>Click the element identified by ``locator``.</doc>
<msg timestamp="20230130 11:55:23.545" level="INFO">Clicking element '//*[@id="root"]/div/div[2]/div[1]/a[4]/div'.</msg>
<status status="PASS" starttime="20230130 11:55:23.544" endtime="20230130 11:55:24.971"/>
</kw>
<kw name="Sleep" library="BuiltIn">
<arg>2s</arg>
<doc>Pauses the test executed for the given time.</doc>
<msg timestamp="20230130 11:55:26.973" level="INFO">Slept 2 seconds</msg>
<status status="PASS" starttime="20230130 11:55:24.971" endtime="20230130 11:55:26.973"/>
</kw>
<status status="PASS" starttime="20230130 11:55:22.342" endtime="20230130 11:55:26.973"/>
</kw>
<kw name="Click Element" library="SeleniumLibrary">
<arg>//*[@id="root"]/div/div[2]/div[1]/a[4]</arg>
<doc>Click the element identified by ``locator``.</doc>
<msg timestamp="20230130 11:55:26.974" level="INFO">Clicking element '//*[@id="root"]/div/div[2]/div[1]/a[4]'.</msg>
<status status="PASS" starttime="20230130 11:55:26.973" endtime="20230130 11:55:28.239"/>
</kw>
<kw name="Sleep" library="BuiltIn">
<arg>2s</arg>
<doc>Pauses the test executed for the given time.</doc>
<msg timestamp="20230130 11:55:30.240" level="INFO">Slept 2 seconds</msg>
<status status="PASS" starttime="20230130 11:55:28.239" endtime="20230130 11:55:30.240"/>
</kw>
<kw name="Click Element" library="SeleniumLibrary">
<arg>//*[contains(text(),'Inverter deviation')]</arg>
<doc>Click the element identified by ``locator``.</doc>
<msg timestamp="20230130 11:55:30.242" level="INFO">Clicking element '//*[contains(text(),'Inverter deviation')]'.</msg>
<status status="PASS" starttime="20230130 11:55:30.241" endtime="20230130 11:55:31.340"/>
</kw>
<kw name="Click Element" library="SeleniumLibrary">
<arg>//*[@id="main-app"]/div[2]/div[2]/div[3]/table/tbody/tr[1]</arg>
<doc>Click the element identified by ``locator``.</doc>
<msg timestamp="20230130 11:55:31.341" level="INFO">Clicking element '//*[@id="main-app"]/div[2]/div[2]/div[3]/table/tbody/tr[1]'.</msg>
<msg timestamp="20230130 11:55:37.652" level="INFO" html="true">&lt;/td&gt;&lt;/tr&gt;&lt;tr&gt;&lt;td colspan="3"&gt;&lt;a href="selenium-screenshot-2.png"&gt;&lt;img src="selenium-screenshot-2.png" width="800px"&gt;&lt;/a&gt;</msg>
<msg timestamp="20230130 11:55:37.652" level="FAIL">Element with locator '//*[@id="main-app"]/div[2]/div[2]/div[3]/table/tbody/tr[1]' not found.</msg>
<status status="FAIL" starttime="20230130 11:55:31.341" endtime="20230130 11:55:37.658"/>
</kw>
<kw name="Click Element" library="SeleniumLibrary">
<arg>//*[@id="main-app"]/div[2]/div[2]/div[4]/div[1]/div[2]/div[1]/button</arg>
<doc>Click the element identified by ``locator``.</doc>
<status status="NOT RUN" starttime="20230130 11:55:37.658" endtime="20230130 11:55:37.658"/>
</kw>
<kw name="Sleep" library="BuiltIn">
<arg>5s</arg>
<doc>Pauses the test executed for the given time.</doc>
<status status="NOT RUN" starttime="20230130 11:55:37.658" endtime="20230130 11:55:37.658"/>
</kw>
<kw name="Click Element" library="SeleniumLibrary">
<arg>//*[@id="main-app"]/div[2]/div[2]/div[4]/div[1]/div[2]/div[2]/button</arg>
<doc>Click the element identified by ``locator``.</doc>
<status status="NOT RUN" starttime="20230130 11:55:37.659" endtime="20230130 11:55:37.659"/>
</kw>
<kw name="Finalize Test Case" library="Keywords" type="TEARDOWN">
<doc>This will includ a wait time of 2 seconds and the [Teardown] close browser keyword</doc>
<kw name="Sleep" library="BuiltIn">
<arg>4s</arg>
<doc>Pauses the test executed for the given time.</doc>
<msg timestamp="20230130 11:55:41.661" level="INFO">Slept 4 seconds</msg>
<status status="PASS" starttime="20230130 11:55:37.660" endtime="20230130 11:55:41.661"/>
</kw>
<kw name="Close Browser" library="SeleniumLibrary" type="TEARDOWN">
<doc>Closes the current browser.</doc>
<status status="PASS" starttime="20230130 11:55:41.661" endtime="20230130 11:55:42.225"/>
</kw>
<status status="PASS" starttime="20230130 11:55:37.660" endtime="20230130 11:55:42.225"/>
</kw>
<doc>Through the Alarms Management panel, user can enable and disable an alarm</doc>
<tag>3714</tag>
<tag>acceptance</tag>
<tag>alarms</tag>
<tag>disable</tag>
<tag>enale</tag>
<tag>manager</tag>
<tag>regression</tag>
<tag>sprint59</tag>
<status status="FAIL" starttime="20230130 11:55:08.746" endtime="20230130 11:55:42.226">Element with locator '//*[@id="main-app"]/div[2]/div[2]/div[3]/table/tbody/tr[1]' not found.</status>
</test>
<test id="s1-s1-t5" name="Alarms Management - Search for Inverter" line="83">
<kw name="Open Browser To ACCEPTANCE Login Page" library="Keywords" type="SETUP">
<kw name="Open Browser" library="SeleniumLibrary">
<arg>${ACCEPTANCE LOGIN URL}</arg>
<arg>${BROWSER1}</arg>
<doc>Opens a new browser instance to the optional ``url``.</doc>
<msg timestamp="20230130 11:55:42.229" level="INFO">Opening browser 'headlesschrome' to base url 'https://admin.3esynaptiq.com/sq2020/sign-in'.</msg>
<status status="PASS" starttime="20230130 11:55:42.228" endtime="20230130 11:55:47.671"/>
</kw>
<kw name="Maximize Browser Window" library="SeleniumLibrary">
<doc>Maximizes current browser window.</doc>
<status status="PASS" starttime="20230130 11:55:47.671" endtime="20230130 11:55:48.279"/>
</kw>
<kw name="Set Selenium Speed" library="SeleniumLibrary">
<arg>0.5s</arg>
<doc>Sets the delay that is waited after each Selenium command.</doc>
<status status="PASS" starttime="20230130 11:55:48.279" endtime="20230130 11:55:48.280"/>
</kw>
<kw name="Set Browser Implicit Wait" library="SeleniumLibrary">
<arg>5s</arg>
<doc>Sets the implicit wait value used by Selenium.</doc>
<status status="PASS" starttime="20230130 11:55:48.280" endtime="20230130 11:55:48.787"/>
</kw>
<kw name="Sleep" library="BuiltIn">
<arg>2s</arg>
<doc>Pauses the test executed for the given time.</doc>
<msg timestamp="20230130 11:55:50.790" level="INFO">Slept 2 seconds</msg>
<status status="PASS" starttime="20230130 11:55:48.788" endtime="20230130 11:55:50.790"/>
</kw>
<status status="PASS" starttime="20230130 11:55:42.228" endtime="20230130 11:55:50.791"/>
</kw>
<kw name="Login Acceptance" library="Keywords">
<doc>This keyword will perfom the steps for a valid login in ACCEPTANCE</doc>
<kw name="Input Text" library="SeleniumLibrary">
<arg>name=username</arg>
<arg>${ACCEPTANCE USERNAME 1}</arg>
<doc>Types the given ``text`` into the text field identified by ``locator``.</doc>
<msg timestamp="20230130 11:55:50.793" level="INFO">Typing text 'runtimerev' into text field 'name=username'.</msg>
<status status="PASS" starttime="20230130 11:55:50.792" endtime="20230130 11:55:52.422"/>
</kw>
<kw name="Input Password" library="SeleniumLibrary">
<arg>name=password</arg>
<arg>${ACCEPTANCE PASSWORD 1}</arg>
<doc>Types the given password into the text field identified by ``locator``.</doc>
<msg timestamp="20230130 11:55:52.424" level="INFO">Typing password into text field 'name=password'.</msg>
<msg timestamp="20230130 11:55:53.467" level="INFO">Temporally setting log level to: NONE</msg>
<msg timestamp="20230130 11:55:54.022" level="INFO">Log level changed from NONE to INFO.</msg>
<status status="PASS" starttime="20230130 11:55:52.422" endtime="20230130 11:55:54.022"/>
</kw>
<kw name="Click Element" library="SeleniumLibrary">
<arg>class=button</arg>
<doc>Click the element identified by ``locator``.</doc>
<msg timestamp="20230130 11:55:54.023" level="INFO">Clicking element 'class=button'.</msg>
<status status="PASS" starttime="20230130 11:55:54.022" endtime="20230130 11:55:55.084"/>
</kw>
<status status="PASS" starttime="20230130 11:55:50.791" endtime="20230130 11:55:55.085"/>
</kw>
<kw name="Access Alarms Manager" library="Keywords">
<doc>This keyword will include the steps to access the alarms manager</doc>
<kw name="Wait Until Element Is Visible" library="SeleniumLibrary">
<arg>//*[@id="root"]/div/div[2]/div[1]/a[4]/div</arg>
<arg>15s</arg>
<doc>Waits until the element ``locator`` is visible.</doc>
<status status="PASS" starttime="20230130 11:55:55.085" endtime="20230130 11:55:56.311"/>
</kw>
<kw name="Click Element" library="SeleniumLibrary">
<arg>//*[@id="root"]/div/div[2]/div[1]/a[4]/div</arg>
<doc>Click the element identified by ``locator``.</doc>
<msg timestamp="20230130 11:55:56.312" level="INFO">Clicking element '//*[@id="root"]/div/div[2]/div[1]/a[4]/div'.</msg>
<status status="PASS" starttime="20230130 11:55:56.312" endtime="20230130 11:55:57.720"/>
</kw>
<kw name="Sleep" library="BuiltIn">
<arg>2s</arg>
<doc>Pauses the test executed for the given time.</doc>
<msg timestamp="20230130 11:55:59.721" level="INFO">Slept 2 seconds</msg>
<status status="PASS" starttime="20230130 11:55:57.721" endtime="20230130 11:55:59.721"/>
</kw>
<status status="PASS" starttime="20230130 11:55:55.085" endtime="20230130 11:55:59.721"/>
</kw>
<kw name="Click Element" library="SeleniumLibrary">
<arg>//*[@id="root"]/div/div[2]/div[1]/a[4]</arg>
<doc>Click the element identified by ``locator``.</doc>
<msg timestamp="20230130 11:55:59.722" level="INFO">Clicking element '//*[@id="root"]/div/div[2]/div[1]/a[4]'.</msg>
<status status="PASS" starttime="20230130 11:55:59.722" endtime="20230130 11:56:02.239"/>
</kw>
<kw name="Click Element" library="SeleniumLibrary">
<arg>//div[@id='mui-component-select-level']</arg>
<doc>Click the element identified by ``locator``.</doc>
<msg timestamp="20230130 11:56:02.240" level="INFO">Clicking element '//div[@id='mui-component-select-level']'.</msg>
<status status="PASS" starttime="20230130 11:56:02.239" endtime="20230130 11:56:03.403"/>
</kw>
<kw name="Click Element" library="SeleniumLibrary">
<arg>//*[@id="menu-level"]/div[3]/ul/li[11]</arg>
<doc>Click the element identified by ``locator``.</doc>
<msg timestamp="20230130 11:56:03.403" level="INFO">Clicking element '//*[@id="menu-level"]/div[3]/ul/li[11]'.</msg>
<status status="PASS" starttime="20230130 11:56:03.403" endtime="20230130 11:56:04.541"/>
</kw>
<kw name="Click Element" library="SeleniumLibrary">
<arg>//div[@id='mui-component-select-logical_device']</arg>
<doc>Click the element identified by ``locator``.</doc>
<msg timestamp="20230130 11:56:04.541" level="INFO">Clicking element '//div[@id='mui-component-select-logical_device']'.</msg>
<status status="PASS" starttime="20230130 11:56:04.541" endtime="20230130 11:56:05.706"/>
</kw>
<kw name="Input Text" library="SeleniumLibrary">
<arg>//*[@id="menu-logical_device"]/div[3]/ul/li[1]/div/div[1]/input</arg>
<arg>Fabriano</arg>
<doc>Types the given ``text`` into the text field identified by ``locator``.</doc>
<msg timestamp="20230130 11:56:05.707" level="INFO">Typing text 'Fabriano' into text field '//*[@id="menu-logical_device"]/div[3]/ul/li[1]/div/div[1]/input'.</msg>
<status status="PASS" starttime="20230130 11:56:05.706" endtime="20230130 11:56:07.321"/>
</kw>
<kw name="Click Element" library="SeleniumLibrary">
<arg>//*[@id="menu-logical_device"]/div[3]/ul/li[4]</arg>
<doc>Click the element identified by ``locator``.</doc>
<msg timestamp="20230130 11:56:07.322" level="INFO">Clicking element '//*[@id="menu-logical_device"]/div[3]/ul/li[4]'.</msg>
<status status="PASS" starttime="20230130 11:56:07.321" endtime="20230130 11:56:10.683"/>
</kw>
<kw name="Finalize Test Case" library="Keywords" type="TEARDOWN">
<doc>This will includ a wait time of 2 seconds and the [Teardown] close browser keyword</doc>
<kw name="Sleep" library="BuiltIn">
<arg>4s</arg>
<doc>Pauses the test executed for the given time.</doc>
<msg timestamp="20230130 11:56:14.685" level="INFO">Slept 4 seconds</msg>
<status status="PASS" starttime="20230130 11:56:10.685" endtime="20230130 11:56:14.686"/>
</kw>
<kw name="Close Browser" library="SeleniumLibrary" type="TEARDOWN">
<doc>Closes the current browser.</doc>
<status status="PASS" starttime="20230130 11:56:14.686" endtime="20230130 11:56:15.249"/>
</kw>
<status status="PASS" starttime="20230130 11:56:10.684" endtime="20230130 11:56:15.249"/>
</kw>
<doc>Test case created to verify the search of an inverter in alarms management</doc>
<tag>3723</tag>
<tag>acceptance</tag>
<tag>alarms</tag>
<tag>filters</tag>
<tag>manager</tag>
<tag>regression</tag>
<tag>search</tag>
<tag>sprint60</tag>
<status status="PASS" starttime="20230130 11:55:42.227" endtime="20230130 11:56:15.249"/>
</test>
<test id="s1-s1-t6" name="Alarms Management - Check if button is the opposite from the present stat of an alarm exception" line="100">
<kw name="Open Browser To ACCEPTANCE Login Page" library="Keywords" type="SETUP">
<kw name="Open Browser" library="SeleniumLibrary">
<arg>${ACCEPTANCE LOGIN URL}</arg>
<arg>${BROWSER1}</arg>
<doc>Opens a new browser instance to the optional ``url``.</doc>
<msg timestamp="20230130 11:56:15.253" level="INFO">Opening browser 'headlesschrome' to base url 'https://admin.3esynaptiq.com/sq2020/sign-in'.</msg>
<status status="PASS" starttime="20230130 11:56:15.252" endtime="20230130 11:56:19.234"/>
</kw>
<kw name="Maximize Browser Window" library="SeleniumLibrary">
<doc>Maximizes current browser window.</doc>
<status status="PASS" starttime="20230130 11:56:19.234" endtime="20230130 11:56:19.853"/>
</kw>
<kw name="Set Selenium Speed" library="SeleniumLibrary">
<arg>0.5s</arg>
<doc>Sets the delay that is waited after each Selenium command.</doc>
<status status="PASS" starttime="20230130 11:56:19.853" endtime="20230130 11:56:19.854"/>
</kw>
<kw name="Set Browser Implicit Wait" library="SeleniumLibrary">
<arg>5s</arg>
<doc>Sets the implicit wait value used by Selenium.</doc>
<status status="PASS" starttime="20230130 11:56:19.854" endtime="20230130 11:56:20.360"/>
</kw>
<kw name="Sleep" library="BuiltIn">
<arg>2s</arg>
<doc>Pauses the test executed for the given time.</doc>
<msg timestamp="20230130 11:56:22.360" level="INFO">Slept 2 seconds</msg>
<status status="PASS" starttime="20230130 11:56:20.360" endtime="20230130 11:56:22.360"/>
</kw>
<status status="PASS" starttime="20230130 11:56:15.252" endtime="20230130 11:56:22.361"/>
</kw>
<kw name="Login Acceptance" library="Keywords">
<doc>This keyword will perfom the steps for a valid login in ACCEPTANCE</doc>
<kw name="Input Text" library="SeleniumLibrary">
<arg>name=username</arg>
<arg>${ACCEPTANCE USERNAME 1}</arg>
<doc>Types the given ``text`` into the text field identified by ``locator``.</doc>
<msg timestamp="20230130 11:56:22.362" level="INFO">Typing text 'runtimerev' into text field 'name=username'.</msg>
<status status="PASS" starttime="20230130 11:56:22.362" endtime="20230130 11:56:24.046"/>
</kw>
<kw name="Input Password" library="SeleniumLibrary">
<arg>name=password</arg>
<arg>${ACCEPTANCE PASSWORD 1}</arg>
<doc>Types the given password into the text field identified by ``locator``.</doc>
<msg timestamp="20230130 11:56:24.047" level="INFO">Typing password into text field 'name=password'.</msg>
<msg timestamp="20230130 11:56:25.095" level="INFO">Temporally setting log level to: NONE</msg>
<msg timestamp="20230130 11:56:25.717" level="INFO">Log level changed from NONE to INFO.</msg>
<status status="PASS" starttime="20230130 11:56:24.046" endtime="20230130 11:56:25.717"/>
</kw>
<kw name="Click Element" library="SeleniumLibrary">
<arg>class=button</arg>
<doc>Click the element identified by ``locator``.</doc>
<msg timestamp="20230130 11:56:25.718" level="INFO">Clicking element 'class=button'.</msg>
<status status="PASS" starttime="20230130 11:56:25.717" endtime="20230130 11:56:26.813"/>
</kw>
<status status="PASS" starttime="20230130 11:56:22.361" endtime="20230130 11:56:26.813"/>
</kw>
<kw name="Access Alarms Manager" library="Keywords">
<doc>This keyword will include the steps to access the alarms manager</doc>
<kw name="Wait Until Element Is Visible" library="SeleniumLibrary">
<arg>//*[@id="root"]/div/div[2]/div[1]/a[4]/div</arg>
<arg>15s</arg>
<doc>Waits until the element ``locator`` is visible.</doc>
<status status="PASS" starttime="20230130 11:56:26.814" endtime="20230130 11:56:28.287"/>
</kw>
<kw name="Click Element" library="SeleniumLibrary">
<arg>//*[@id="root"]/div/div[2]/div[1]/a[4]/div</arg>
<doc>Click the element identified by ``locator``.</doc>
<msg timestamp="20230130 11:56:28.288" level="INFO">Clicking element '//*[@id="root"]/div/div[2]/div[1]/a[4]/div'.</msg>
<status status="PASS" starttime="20230130 11:56:28.287" endtime="20230130 11:56:29.705"/>
</kw>
<kw name="Sleep" library="BuiltIn">
<arg>2s</arg>
<doc>Pauses the test executed for the given time.</doc>
<msg timestamp="20230130 11:56:31.706" level="INFO">Slept 2 seconds</msg>
<status status="PASS" starttime="20230130 11:56:29.706" endtime="20230130 11:56:31.706"/>
</kw>
<status status="PASS" starttime="20230130 11:56:26.813" endtime="20230130 11:56:31.706"/>
</kw>
<kw name="Click Element" library="SeleniumLibrary">
<arg>//*[@id="root"]/div/div[2]/div[1]/a[4]</arg>
<doc>Click the element identified by ``locator``.</doc>
<msg timestamp="20230130 11:56:31.707" level="INFO">Clicking element '//*[@id="root"]/div/div[2]/div[1]/a[4]'.</msg>
<status status="PASS" starttime="20230130 11:56:31.706" endtime="20230130 11:56:33.798"/>
</kw>
<kw name="Press Keys" library="SeleniumLibrary">
<arg>//*[@id="main-app"]/div[2]/div[2]/div[1]/div[1]/div/div[1]/input</arg>
<arg>Inverter Error Code</arg>
<arg>ENTER</arg>
<doc>Simulates the user pressing key(s) to an element or on the active browser.</doc>
<msg timestamp="20230130 11:56:33.799" level="INFO">Sending key(s) ('Inverter Error Code', 'ENTER') to //*[@id="main-app"]/div[2]/div[2]/div[1]/div[1]/div/div[1]/input element.</msg>
<msg timestamp="20230130 11:56:35.190" level="INFO">Sending keys Inverter Error Code</msg>
<msg timestamp="20230130 11:56:35.791" level="INFO">Pressing special key ENTER to element.</msg>
<msg timestamp="20230130 11:56:35.791" level="INFO">Releasing special key ENTER.</msg>
<status status="PASS" starttime="20230130 11:56:33.798" endtime="20230130 11:56:36.304"/>
</kw>
<kw name="Click Element" library="SeleniumLibrary">
<arg>//*[@id="main-app"]/div[2]/div[2]/div[3]/table/tbody/tr[2]/td[1]/div/span[2]</arg>
<doc>Click the element identified by ``locator``.</doc>
<msg timestamp="20230130 11:56:36.305" level="INFO">Clicking element '//*[@id="main-app"]/div[2]/div[2]/div[3]/table/tbody/tr[2]/td[1]/div/span[2]'.</msg>
<msg timestamp="20230130 11:56:42.533" level="INFO" html="true">&lt;/td&gt;&lt;/tr&gt;&lt;tr&gt;&lt;td colspan="3"&gt;&lt;a href="selenium-screenshot-3.png"&gt;&lt;img src="selenium-screenshot-3.png" width="800px"&gt;&lt;/a&gt;</msg>
<msg timestamp="20230130 11:56:42.534" level="FAIL">Element with locator '//*[@id="main-app"]/div[2]/div[2]/div[3]/table/tbody/tr[2]/td[1]/div/span[2]' not found.</msg>
<status status="FAIL" starttime="20230130 11:56:36.304" endtime="20230130 11:56:42.534"/>
</kw>
<kw name="Click Element" library="SeleniumLibrary">
<arg>//*[@id="main-app"]/div[2]/div[2]/div[3]/table/tbody/tr[8]/td[1]/div</arg>
<doc>Click the element identified by ``locator``.</doc>
<status status="NOT RUN" starttime="20230130 11:56:42.535" endtime="20230130 11:56:42.535"/>
</kw>
<kw name="Page Should Contain Button" library="SeleniumLibrary">
<arg>//*[@id="main-app"]/div[2]/div[2]/div[4]/div[1]/div[2]/div[2]/button</arg>
<doc>Verifies button ``locator`` is found from current page.</doc>
<status status="NOT RUN" starttime="20230130 11:56:42.535" endtime="20230130 11:56:42.535"/>
</kw>
<kw name="Finalize Test Case" library="Keywords" type="TEARDOWN">
<doc>This will includ a wait time of 2 seconds and the [Teardown] close browser keyword</doc>
<kw name="Sleep" library="BuiltIn">
<arg>4s</arg>
<doc>Pauses the test executed for the given time.</doc>
<msg timestamp="20230130 11:56:46.538" level="INFO">Slept 4 seconds</msg>
<status status="PASS" starttime="20230130 11:56:42.536" endtime="20230130 11:56:46.538"/>
</kw>
<kw name="Close Browser" library="SeleniumLibrary" type="TEARDOWN">
<doc>Closes the current browser.</doc>
<status status="PASS" starttime="20230130 11:56:46.539" endtime="20230130 11:56:47.106"/>
</kw>
<status status="PASS" starttime="20230130 11:56:42.535" endtime="20230130 11:56:47.106"/>
</kw>
<doc>The button after clicking an alarm exception should enable or disable depending on present state</doc>
<tag>3720</tag>
<tag>acceptance</tag>
<tag>alarms</tag>
<tag>manager</tag>
<tag>regression</tag>
<tag>sprint60</tag>
<status status="FAIL" starttime="20230130 11:56:15.251" endtime="20230130 11:56:47.107">Element with locator '//*[@id="main-app"]/div[2]/div[2]/div[3]/table/tbody/tr[2]/td[1]/div/span[2]' not found.</status>
</test>
<doc>Acceptance | Alarms Regression</doc>
<status status="FAIL" starttime="20230130 11:53:44.301" endtime="20230130 11:56:47.108"/>
</suite>
<suite id="s1-s2" name="Analysis" source="/Users/runtime/PycharmProjects/RuntimeRegression/Tests/TestSuites/3E/RegressionTests/Acceptance/Analysis.robot">
<test id="s1-s2-t1" name="Access Analysis/Views Manager" line="26">
<kw name="Open Browser To ACCEPTANCE Login Page" library="Keywords" type="SETUP">
<kw name="Open Browser" library="SeleniumLibrary">
<arg>${ACCEPTANCE LOGIN URL}</arg>
<arg>${BROWSER1}</arg>
<doc>Opens a new browser instance to the optional ``url``.</doc>
<msg timestamp="20230130 11:56:47.126" level="INFO">Opening browser 'headlesschrome' to base url 'https://admin.3esynaptiq.com/sq2020/sign-in'.</msg>
<status status="PASS" starttime="20230130 11:56:47.126" endtime="20230130 11:56:51.560"/>
</kw>
<kw name="Maximize Browser Window" library="SeleniumLibrary">
<doc>Maximizes current browser window.</doc>
<status status="PASS" starttime="20230130 11:56:51.560" endtime="20230130 11:56:52.170"/>
</kw>
<kw name="Set Selenium Speed" library="SeleniumLibrary">
<arg>0.5s</arg>
<doc>Sets the delay that is waited after each Selenium command.</doc>
<status status="PASS" starttime="20230130 11:56:52.170" endtime="20230130 11:56:52.171"/>
</kw>
<kw name="Set Browser Implicit Wait" library="SeleniumLibrary">
<arg>5s</arg>
<doc>Sets the implicit wait value used by Selenium.</doc>
<status status="PASS" starttime="20230130 11:56:52.171" endtime="20230130 11:56:52.678"/>
</kw>
<kw name="Sleep" library="BuiltIn">
<arg>2s</arg>
<doc>Pauses the test executed for the given time.</doc>
<msg timestamp="20230130 11:56:54.680" level="INFO">Slept 2 seconds</msg>
<status status="PASS" starttime="20230130 11:56:52.678" endtime="20230130 11:56:54.680"/>
</kw>
<status status="PASS" starttime="20230130 11:56:47.126" endtime="20230130 11:56:54.680"/>
</kw>
<kw name="Login Acceptance" library="Keywords">
<doc>This keyword will perfom the steps for a valid login in ACCEPTANCE</doc>
<kw name="Input Text" library="SeleniumLibrary">
<arg>name=username</arg>
<arg>${ACCEPTANCE USERNAME 1}</arg>
<doc>Types the given ``text`` into the text field identified by ``locator``.</doc>
<msg timestamp="20230130 11:56:54.682" level="INFO">Typing text 'runtimerev' into text field 'name=username'.</msg>
<status status="PASS" starttime="20230130 11:56:54.681" endtime="20230130 11:56:56.319"/>
</kw>
<kw name="Input Password" library="SeleniumLibrary">
<arg>name=password</arg>
<arg>${ACCEPTANCE PASSWORD 1}</arg>
<doc>Types the given password into the text field identified by ``locator``.</doc>
<msg timestamp="20230130 11:56:56.320" level="INFO">Typing password into text field 'name=password'.</msg>
<msg timestamp="20230130 11:56:57.368" level="INFO">Temporally setting log level to: NONE</msg>
<msg timestamp="20230130 11:56:57.922" level="INFO">Log level changed from NONE to INFO.</msg>
<status status="PASS" starttime="20230130 11:56:56.320" endtime="20230130 11:56:57.922"/>
</kw>
<kw name="Click Element" library="SeleniumLibrary">
<arg>class=button</arg>
<doc>Click the element identified by ``locator``.</doc>
<msg timestamp="20230130 11:56:57.923" level="INFO">Clicking element 'class=button'.</msg>
<status status="PASS" starttime="20230130 11:56:57.923" endtime="20230130 11:56:59.005"/>
</kw>
<status status="PASS" starttime="20230130 11:56:54.681" endtime="20230130 11:56:59.005"/>
</kw>
<kw name="Access Views Manager" library="Keywords">
<doc>This keyword will include the steps to access the Analysis/Views Manager</doc>
<kw name="Wait Until Element Is Visible" library="SeleniumLibrary">
<arg>//a[@href='/sq2020/viewsmanager/views/list']</arg>
<arg>15s</arg>
<doc>Waits until the element ``locator`` is visible.</doc>
<status status="PASS" starttime="20230130 11:56:59.006" endtime="20230130 11:57:00.360"/>
</kw>
<kw name="Click Element" library="SeleniumLibrary">
<arg>//a[@href='/sq2020/viewsmanager/views/list']</arg>
<doc>Click the element identified by ``locator``.</doc>
<msg timestamp="20230130 11:57:00.360" level="INFO">Clicking element '//a[@href='/sq2020/viewsmanager/views/list']'.</msg>
<status status="PASS" starttime="20230130 11:57:00.360" endtime="20230130 11:57:01.827"/>
</kw>
<kw name="Sleep" library="BuiltIn">
<arg>2s</arg>
<doc>Pauses the test executed for the given time.</doc>
<msg timestamp="20230130 11:57:03.828" level="INFO">Slept 2 seconds</msg>
<status status="PASS" starttime="20230130 11:57:01.827" endtime="20230130 11:57:03.828"/>
</kw>
<status status="PASS" starttime="20230130 11:56:59.006" endtime="20230130 11:57:03.828"/>
</kw>
<kw name="Location Should Be" library="SeleniumLibrary">
<arg>https://admin.3esynaptiq.com/sq2020/viewsmanager/views/list</arg>
<doc>Verifies that the current URL is exactly ``url``.</doc>
<msg timestamp="20230130 11:57:04.347" level="INFO">Current location is 'https://admin.3esynaptiq.com/sq2020/viewsmanager/views/list'.</msg>
<status status="PASS" starttime="20230130 11:57:03.828" endtime="20230130 11:57:04.347"/>
</kw>
<kw name="Sleep" library="BuiltIn">
<arg>1s</arg>
<doc>Pauses the test executed for the given time.</doc>
<msg timestamp="20230130 11:57:05.349" level="INFO">Slept 1 second</msg>
<status status="PASS" starttime="20230130 11:57:04.348" endtime="20230130 11:57:05.350"/>
</kw>
<kw name="Finalize Test Case" library="Keywords" type="TEARDOWN">
<doc>This will includ a wait time of 2 seconds and the [Teardown] close browser keyword</doc>
<kw name="Sleep" library="BuiltIn">
<arg>4s</arg>
<doc>Pauses the test executed for the given time.</doc>
<msg timestamp="20230130 11:57:09.351" level="INFO">Slept 4 seconds</msg>
<status status="PASS" starttime="20230130 11:57:05.351" endtime="20230130 11:57:09.352"/>
</kw>
<kw name="Close Browser" library="SeleniumLibrary" type="TEARDOWN">
<doc>Closes the current browser.</doc>
<status status="PASS" starttime="20230130 11:57:09.352" endtime="20230130 11:57:09.913"/>
</kw>
<status status="PASS" starttime="20230130 11:57:05.350" endtime="20230130 11:57:09.913"/>
</kw>
<doc>After login, user should be able to access analysis/views management.</doc>
<tag>acceptance</tag>
<tag>analysis</tag>
<tag>demonstration</tag>
<tag>management</tag>
<tag>regression</tag>
<tag>views</tag>
<status status="PASS" starttime="20230130 11:56:47.125" endtime="20230130 11:57:09.913"/>
</test>
<test id="s1-s2-t2" name="Editing View Type of an Already Existing View" line="36">
<kw name="Open Browser To ACCEPTANCE Login Page" library="Keywords" type="SETUP">
<kw name="Open Browser" library="SeleniumLibrary">
<arg>${ACCEPTANCE LOGIN URL}</arg>
<arg>${BROWSER1}</arg>
<doc>Opens a new browser instance to the optional ``url``.</doc>
<msg timestamp="20230130 11:57:09.915" level="INFO">Opening browser 'headlesschrome' to base url 'https://admin.3esynaptiq.com/sq2020/sign-in'.</msg>
<status status="PASS" starttime="20230130 11:57:09.914" endtime="20230130 11:57:17.177"/>
</kw>
<kw name="Maximize Browser Window" library="SeleniumLibrary">
<doc>Maximizes current browser window.</doc>
<status status="PASS" starttime="20230130 11:57:17.178" endtime="20230130 11:57:17.791"/>
</kw>
<kw name="Set Selenium Speed" library="SeleniumLibrary">
<arg>0.5s</arg>
<doc>Sets the delay that is waited after each Selenium command.</doc>
<status status="PASS" starttime="20230130 11:57:17.792" endtime="20230130 11:57:17.792"/>
</kw>
<kw name="Set Browser Implicit Wait" library="SeleniumLibrary">
<arg>5s</arg>
<doc>Sets the implicit wait value used by Selenium.</doc>
<status status="PASS" starttime="20230130 11:57:17.792" endtime="20230130 11:57:18.297"/>
</kw>
<kw name="Sleep" library="BuiltIn">
<arg>2s</arg>
<doc>Pauses the test executed for the given time.</doc>
<msg timestamp="20230130 11:57:20.298" level="INFO">Slept 2 seconds</msg>
<status status="PASS" starttime="20230130 11:57:18.297" endtime="20230130 11:57:20.299"/>
</kw>
<status status="PASS" starttime="20230130 11:57:09.914" endtime="20230130 11:57:20.299"/>
</kw>
<kw name="Login Acceptance" library="Keywords">
<doc>This keyword will perfom the steps for a valid login in ACCEPTANCE</doc>
<kw name="Input Text" library="SeleniumLibrary">
<arg>name=username</arg>
<arg>${ACCEPTANCE USERNAME 1}</arg>
<doc>Types the given ``text`` into the text field identified by ``locator``.</doc>
<msg timestamp="20230130 11:57:20.301" level="INFO">Typing text 'runtimerev' into text field 'name=username'.</msg>
<status status="PASS" starttime="20230130 11:57:20.300" endtime="20230130 11:57:21.940"/>
</kw>
<kw name="Input Password" library="SeleniumLibrary">
<arg>name=password</arg>
<arg>${ACCEPTANCE PASSWORD 1}</arg>
<doc>Types the given password into the text field identified by ``locator``.</doc>
<msg timestamp="20230130 11:57:21.942" level="INFO">Typing password into text field 'name=password'.</msg>
<msg timestamp="20230130 11:57:22.985" level="INFO">Temporally setting log level to: NONE</msg>
<msg timestamp="20230130 11:57:23.539" level="INFO">Log level changed from NONE to INFO.</msg>
<status status="PASS" starttime="20230130 11:57:21.941" endtime="20230130 11:57:23.539"/>
</kw>
<kw name="Click Element" library="SeleniumLibrary">
<arg>class=button</arg>
<doc>Click the element identified by ``locator``.</doc>
<msg timestamp="20230130 11:57:23.540" level="INFO">Clicking element 'class=button'.</msg>
<status status="PASS" starttime="20230130 11:57:23.539" endtime="20230130 11:57:24.640"/>
</kw>
<status status="PASS" starttime="20230130 11:57:20.300" endtime="20230130 11:57:24.641"/>
</kw>
<kw name="Access Views Manager" library="Keywords">
<doc>This keyword will include the steps to access the Analysis/Views Manager</doc>
<kw name="Wait Until Element Is Visible" library="SeleniumLibrary">
<arg>//a[@href='/sq2020/viewsmanager/views/list']</arg>
<arg>15s</arg>
<doc>Waits until the element ``locator`` is visible.</doc>
<status status="PASS" starttime="20230130 11:57:24.642" endtime="20230130 11:57:25.916"/>
</kw>
<kw name="Click Element" library="SeleniumLibrary">
<arg>//a[@href='/sq2020/viewsmanager/views/list']</arg>
<doc>Click the element identified by ``locator``.</doc>
<msg timestamp="20230130 11:57:25.917" level="INFO">Clicking element '//a[@href='/sq2020/viewsmanager/views/list']'.</msg>
<status status="PASS" starttime="20230130 11:57:25.916" endtime="20230130 11:57:27.273"/>
</kw>
<kw name="Sleep" library="BuiltIn">
<arg>2s</arg>
<doc>Pauses the test executed for the given time.</doc>
<msg timestamp="20230130 11:57:29.274" level="INFO">Slept 2 seconds</msg>
<status status="PASS" starttime="20230130 11:57:27.273" endtime="20230130 11:57:29.274"/>
</kw>
<status status="PASS" starttime="20230130 11:57:24.641" endtime="20230130 11:57:29.274"/>
</kw>
<kw name="Location Should Be" library="SeleniumLibrary">
<arg>https://admin.3esynaptiq.com/sq2020/viewsmanager/views/list</arg>
<doc>Verifies that the current URL is exactly ``url``.</doc>
<msg timestamp="20230130 11:57:29.791" level="INFO">Current location is 'https://admin.3esynaptiq.com/sq2020/viewsmanager/views/list'.</msg>
<status status="PASS" starttime="20230130 11:57:29.274" endtime="20230130 11:57:29.791"/>
</kw>
<kw name="Click Element" library="SeleniumLibrary">
<arg>//*[@id="action_menu_undefined"]/div/svg</arg>
<doc>Click the element identified by ``locator``.</doc>
<msg timestamp="20230130 11:57:29.791" level="INFO">Clicking element '//*[@id="action_menu_undefined"]/div/svg'.</msg>
<msg timestamp="20230130 11:57:35.993" level="INFO" html="true">&lt;/td&gt;&lt;/tr&gt;&lt;tr&gt;&lt;td colspan="3"&gt;&lt;a href="selenium-screenshot-4.png"&gt;&lt;img src="selenium-screenshot-4.png" width="800px"&gt;&lt;/a&gt;</msg>
<msg timestamp="20230130 11:57:35.994" level="FAIL">Element with locator '//*[@id="action_menu_undefined"]/div/svg' not found.</msg>
<status status="FAIL" starttime="20230130 11:57:29.791" endtime="20230130 11:57:35.994"/>
</kw>
<kw name="Click Element" library="SeleniumLibrary">
<arg>//*[contains(text(),'Edit')]</arg>
<doc>Click the element identified by ``locator``.</doc>
<status status="NOT RUN" starttime="20230130 11:57:35.994" endtime="20230130 11:57:35.995"/>
</kw>
<kw name="Sleep" library="BuiltIn">
<arg>2s</arg>
<doc>Pauses the test executed for the given time.</doc>
<status status="NOT RUN" starttime="20230130 11:57:35.995" endtime="20230130 11:57:35.995"/>
</kw>
<kw name="Location Should Be" library="SeleniumLibrary">
<arg>https://admin.3esynaptiq.com/sq2020/viewsmanager/edit/views/be2_appobj_212503</arg>
<doc>Verifies that the current URL is exactly ``url``.</doc>
<status status="NOT RUN" starttime="20230130 11:57:35.995" endtime="20230130 11:57:35.995"/>
</kw>
<kw name="Capture Page Screenshot" library="SeleniumLibrary">
<arg>${VR_REFERENCE_IMAGE_FOLDER}/acceptance_views_manager_reference_1.png</arg>
<doc>Takes a screenshot of the current page and embeds it into a log file.</doc>
<status status="NOT RUN" starttime="20230130 11:57:35.995" endtime="20230130 11:57:35.995"/>
</kw>
<kw name="Click Element" library="SeleniumLibrary">
<arg>//*[@id="main-app"]/div/div[2]/div[2]/div[1]/div/div/div/button[1]</arg>
<doc>Click the element identified by ``locator``.</doc>
<status status="NOT RUN" starttime="20230130 11:57:35.995" endtime="20230130 11:57:35.996"/>
</kw>
<kw name="Click Element" library="SeleniumLibrary">
<arg>//*[@id="main-app"]/div/div[2]/div[2]/div[1]/div[2]/div[6]</arg>
<doc>Click the element identified by ``locator``.</doc>
<status status="NOT RUN" starttime="20230130 11:57:35.996" endtime="20230130 11:57:35.996"/>
</kw>
<kw name="Click Element" library="SeleniumLibrary">
<arg>//*[@id="main-app"]/div/div[2]/div[2]/div[1]/div[1]/div/div/button[2]</arg>
<doc>Click the element identified by ``locator``.</doc>
<status status="NOT RUN" starttime="20230130 11:57:35.996" endtime="20230130 11:57:35.996"/>
</kw>
<kw name="Sleep 2s">
<status status="NOT RUN" starttime="20230130 11:57:36.002" endtime="20230130 11:57:36.002"/>
</kw>
<kw name="Capture Page Screenshot" library="SeleniumLibrary">
<arg>${ACCEPTANCE_VR_IMAGES_OBTAINED}/acceptance_views_manager_VR_1.png</arg>
<doc>Takes a screenshot of the current page and embeds it into a log file.</doc>
<status status="NOT RUN" starttime="20230130 11:57:36.002" endtime="20230130 11:57:36.002"/>
</kw>
<kw name="Compare Images" library="WatchUI">
<arg>${VR_REFERENCE_IMAGE_FOLDER}/acceptance_views_manager_reference_1.png</arg>
<arg>${ACCEPTANCE_VR_IMAGES_OBTAINED}/acceptance_views_manager_VR_1.png</arg>
<arg>save_folder=${VR_COMPARISON}</arg>
<arg>ssim=1.00</arg>
<doc>Compares image on `compared_image_path` against base image on `base_image_path`.
Args:
    base_image_path (str): path to base image
    compared_image_path (str): path to compared image
    save_folder (str): path to the save folder
    ssim (float): SSIM threshold value
    image_format (str): image format, e.g. "png", "jpg"
Raises:
    TypeError:</doc>
<status status="NOT RUN" starttime="20230130 11:57:36.002" endtime="20230130 11:57:36.003"/>
</kw>
<kw name="Finalize Test Case" library="Keywords" type="TEARDOWN">
<doc>This will includ a wait time of 2 seconds and the [Teardown] close browser keyword</doc>
<kw name="Sleep" library="BuiltIn">
<arg>4s</arg>
<doc>Pauses the test executed for the given time.</doc>
<msg timestamp="20230130 11:57:40.004" level="INFO">Slept 4 seconds</msg>
<status status="PASS" starttime="20230130 11:57:36.003" endtime="20230130 11:57:40.004"/>
</kw>
<kw name="Close Browser" library="SeleniumLibrary" type="TEARDOWN">
<doc>Closes the current browser.</doc>
<status status="PASS" starttime="20230130 11:57:40.005" endtime="20230130 11:57:40.567"/>
</kw>
<status status="PASS" starttime="20230130 11:57:36.003" endtime="20230130 11:57:40.567"/>
</kw>
<doc>User should be able to edit view type if permissions are met</doc>
<tag>3471</tag>
<tag>acceptance</tag>
<tag>analysis</tag>
<tag>edit</tag>
<tag>qackathon</tag>
<tag>regression</tag>
<tag>views</tag>
<status status="FAIL" starttime="20230130 11:57:09.914" endtime="20230130 11:57:40.567">Element with locator '//*[@id="action_menu_undefined"]/div/svg' not found.</status>
</test>
<test id="s1-s2-t3" name="Indicator validation after changing view type" line="59">
<kw name="Open Browser To ACCEPTANCE Login Page" library="Keywords" type="SETUP">
<kw name="Open Browser" library="SeleniumLibrary">
<arg>${ACCEPTANCE LOGIN URL}</arg>
<arg>${BROWSER1}</arg>
<doc>Opens a new browser instance to the optional ``url``.</doc>
<msg timestamp="20230130 11:57:40.571" level="INFO">Opening browser 'headlesschrome' to base url 'https://admin.3esynaptiq.com/sq2020/sign-in'.</msg>
<status status="PASS" starttime="20230130 11:57:40.570" endtime="20230130 11:57:45.875"/>
</kw>
<kw name="Maximize Browser Window" library="SeleniumLibrary">
<doc>Maximizes current browser window.</doc>
<status status="PASS" starttime="20230130 11:57:45.875" endtime="20230130 11:57:46.488"/>
</kw>
<kw name="Set Selenium Speed" library="SeleniumLibrary">
<arg>0.5s</arg>
<doc>Sets the delay that is waited after each Selenium command.</doc>
<status status="PASS" starttime="20230130 11:57:46.488" endtime="20230130 11:57:46.489"/>
</kw>
<kw name="Set Browser Implicit Wait" library="SeleniumLibrary">
<arg>5s</arg>
<doc>Sets the implicit wait value used by Selenium.</doc>
<status status="PASS" starttime="20230130 11:57:46.489" endtime="20230130 11:57:46.991"/>
</kw>
<kw name="Sleep" library="BuiltIn">
<arg>2s</arg>
<doc>Pauses the test executed for the given time.</doc>
<msg timestamp="20230130 11:57:48.992" level="INFO">Slept 2 seconds</msg>
<status status="PASS" starttime="20230130 11:57:46.991" endtime="20230130 11:57:48.992"/>
</kw>
<status status="PASS" starttime="20230130 11:57:40.570" endtime="20230130 11:57:48.993"/>
</kw>
<kw name="Login Acceptance" library="Keywords">
<doc>This keyword will perfom the steps for a valid login in ACCEPTANCE</doc>
<kw name="Input Text" library="SeleniumLibrary">
<arg>name=username</arg>
<arg>${ACCEPTANCE USERNAME 1}</arg>
<doc>Types the given ``text`` into the text field identified by ``locator``.</doc>
<msg timestamp="20230130 11:57:48.995" level="INFO">Typing text 'runtimerev' into text field 'name=username'.</msg>
<status status="PASS" starttime="20230130 11:57:48.994" endtime="20230130 11:57:50.653"/>
</kw>
<kw name="Input Password" library="SeleniumLibrary">
<arg>name=password</arg>
<arg>${ACCEPTANCE PASSWORD 1}</arg>
<doc>Types the given password into the text field identified by ``locator``.</doc>
<msg timestamp="20230130 11:57:50.655" level="INFO">Typing password into text field 'name=password'.</msg>
<msg timestamp="20230130 11:57:51.700" level="INFO">Temporally setting log level to: NONE</msg>
<msg timestamp="20230130 11:57:52.266" level="INFO">Log level changed from NONE to INFO.</msg>
<status status="PASS" starttime="20230130 11:57:50.654" endtime="20230130 11:57:52.266"/>
</kw>
<kw name="Click Element" library="SeleniumLibrary">
<arg>class=button</arg>
<doc>Click the element identified by ``locator``.</doc>
<msg timestamp="20230130 11:57:52.267" level="INFO">Clicking element 'class=button'.</msg>
<status status="PASS" starttime="20230130 11:57:52.266" endtime="20230130 11:57:53.343"/>
</kw>
<status status="PASS" starttime="20230130 11:57:48.993" endtime="20230130 11:57:53.343"/>
</kw>
<kw name="Access Views Manager" library="Keywords">
<doc>This keyword will include the steps to access the Analysis/Views Manager</doc>
<kw name="Wait Until Element Is Visible" library="SeleniumLibrary">
<arg>//a[@href='/sq2020/viewsmanager/views/list']</arg>
<arg>15s</arg>
<doc>Waits until the element ``locator`` is visible.</doc>
<status status="PASS" starttime="20230130 11:57:53.343" endtime="20230130 11:57:54.608"/>
</kw>
<kw name="Click Element" library="SeleniumLibrary">
<arg>//a[@href='/sq2020/viewsmanager/views/list']</arg>
<doc>Click the element identified by ``locator``.</doc>
<msg timestamp="20230130 11:57:54.609" level="INFO">Clicking element '//a[@href='/sq2020/viewsmanager/views/list']'.</msg>
<status status="PASS" starttime="20230130 11:57:54.608" endtime="20230130 11:57:55.886"/>
</kw>
<kw name="Sleep" library="BuiltIn">
<arg>2s</arg>
<doc>Pauses the test executed for the given time.</doc>
<msg timestamp="20230130 11:57:57.887" level="INFO">Slept 2 seconds</msg>
<status status="PASS" starttime="20230130 11:57:55.886" endtime="20230130 11:57:57.887"/>
</kw>
<status status="PASS" starttime="20230130 11:57:53.343" endtime="20230130 11:57:57.887"/>
</kw>
<kw name="Location Should Be" library="SeleniumLibrary">
<arg>https://admin.3esynaptiq.com/sq2020/viewsmanager/views/list</arg>
<doc>Verifies that the current URL is exactly ``url``.</doc>
<msg timestamp="20230130 11:57:58.413" level="INFO">Current location is 'https://admin.3esynaptiq.com/sq2020/viewsmanager/views/list'.</msg>
<status status="PASS" starttime="20230130 11:57:57.887" endtime="20230130 11:57:58.413"/>
</kw>
<kw name="Click Element" library="SeleniumLibrary">
<arg>explore new view</arg>
<doc>Click the element identified by ``locator``.</doc>
<msg timestamp="20230130 11:57:58.414" level="INFO">Clicking element 'explore new view'.</msg>
<msg timestamp="20230130 11:58:04.660" level="INFO" html="true">&lt;/td&gt;&lt;/tr&gt;&lt;tr&gt;&lt;td colspan="3"&gt;&lt;a href="selenium-screenshot-5.png"&gt;&lt;img src="selenium-screenshot-5.png" width="800px"&gt;&lt;/a&gt;</msg>
<msg timestamp="20230130 11:58:04.661" level="FAIL">Element with locator 'explore new view' not found.</msg>
<status status="FAIL" starttime="20230130 11:57:58.413" endtime="20230130 11:58:04.661"/>
</kw>
<kw name="Click Element" library="SeleniumLibrary">
<arg>view type</arg>
<doc>Click the element identified by ``locator``.</doc>
<status status="NOT RUN" starttime="20230130 11:58:04.661" endtime="20230130 11:58:04.661"/>
</kw>
<kw name="Click Element" library="SeleniumLibrary">
<arg>add data</arg>
<doc>Click the element identified by ``locator``.</doc>
<status status="NOT RUN" starttime="20230130 11:58:04.662" endtime="20230130 11:58:04.662"/>
</kw>
<kw name="Click Element" library="SeleniumLibrary">
<arg>toggle variable object</arg>
<doc>Click the element identified by ``locator``.</doc>
<status status="NOT RUN" starttime="20230130 11:58:04.662" endtime="20230130 11:58:04.662"/>
</kw>
<kw name="Click Element" library="SeleniumLibrary">
<arg>drop down opens</arg>
<doc>Click the element identified by ``locator``.</doc>
<status status="NOT RUN" starttime="20230130 11:58:04.662" endtime="20230130 11:58:04.662"/>
</kw>
<kw name="Click Element" library="SeleniumLibrary">
<arg>inverter</arg>
<doc>Click the element identified by ``locator``.</doc>
<status status="NOT RUN" starttime="20230130 11:58:04.663" endtime="20230130 11:58:04.663"/>
</kw>
<kw name="Click Element" library="SeleniumLibrary">
<arg>all inverters</arg>
<doc>Click the element identified by ``locator``.</doc>
<status status="NOT RUN" starttime="20230130 11:58:04.663" endtime="20230130 11:58:04.663"/>
</kw>
<kw name="Click Element" library="SeleniumLibrary">
<arg>Availability selected</arg>
<doc>Click the element identified by ``locator``.</doc>
<status status="NOT RUN" starttime="20230130 11:58:04.663" endtime="20230130 11:58:04.663"/>
</kw>
<kw name="Click Element" library="SeleniumLibrary">
<arg>Energy selected</arg>
<doc>Click the element identified by ``locator``.</doc>
<status status="NOT RUN" starttime="20230130 11:58:04.663" endtime="20230130 11:58:04.663"/>
</kw>
<kw name="Click Element" library="SeleniumLibrary">
<arg>View Type</arg>
<doc>Click the element identified by ``locator``.</doc>
<status status="NOT RUN" starttime="20230130 11:58:04.663" endtime="20230130 11:58:04.663"/>
</kw>
<kw name="Capture Page Screenshot" library="SeleniumLibrary">
<arg>base screeshot</arg>
<doc>Takes a screenshot of the current page and embeds it into a log file.</doc>
<status status="NOT RUN" starttime="20230130 11:58:04.663" endtime="20230130 11:58:04.664"/>
</kw>
<kw name="Click Element" library="SeleniumLibrary">
<arg>Select another view type</arg>
<doc>Click the element identified by ``locator``.</doc>
<status status="NOT RUN" starttime="20230130 11:58:04.664" endtime="20230130 11:58:04.664"/>
</kw>
<kw name="Capture Page Screenshot" library="SeleniumLibrary">
<arg>compared screenshot</arg>
<doc>Takes a screenshot of the current page and embeds it into a log file.</doc>
<status status="NOT RUN" starttime="20230130 11:58:04.664" endtime="20230130 11:58:04.664"/>
</kw>
<kw name="Compare Images" library="WatchUI">
<arg>Compare</arg>
<doc>Compares image on `compared_image_path` against base image on `base_image_path`.
Args:
    base_image_path (str): path to base image
    compared_image_path (str): path to compared image
    save_folder (str): path to the save folder
    ssim (float): SSIM threshold value
    image_format (str): image format, e.g. "png", "jpg"
Raises:
    TypeError:</doc>
<status status="NOT RUN" starttime="20230130 11:58:04.665" endtime="20230130 11:58:04.665"/>
</kw>
<kw name="Sleep" library="BuiltIn">
<arg>2s</arg>
<doc>Pauses the test executed for the given time.</doc>
<status status="NOT RUN" starttime="20230130 11:58:04.665" endtime="20230130 11:58:04.665"/>
</kw>
<kw name="Click Element" library="SeleniumLibrary">
<arg>Close New View</arg>
<doc>Click the element identified by ``locator``.</doc>
<status status="NOT RUN" starttime="20230130 11:58:04.666" endtime="20230130 11:58:04.666"/>
</kw>
<kw name="Access Views Manager" library="Keywords">
<doc>This keyword will include the steps to access the Analysis/Views Manager</doc>
<status status="NOT RUN" starttime="20230130 11:58:04.667" endtime="20230130 11:58:04.667"/>
</kw>
<kw name="Click Element" library="SeleniumLibrary">
<arg>3dots</arg>
<doc>Click the element identified by ``locator``.</doc>
<status status="NOT RUN" starttime="20230130 11:58:04.667" endtime="20230130 11:58:04.667"/>
</kw>
<kw name="Click Element" library="SeleniumLibrary">
<arg>Edit</arg>
<doc>Click the element identified by ``locator``.</doc>
<status status="NOT RUN" starttime="20230130 11:58:04.667" endtime="20230130 11:58:04.667"/>
</kw>
<kw name="Finalize Test Case" library="Keywords" type="TEARDOWN">
<doc>This will includ a wait time of 2 seconds and the [Teardown] close browser keyword</doc>
<kw name="Sleep" library="BuiltIn">
<arg>4s</arg>
<doc>Pauses the test executed for the given time.</doc>
<msg timestamp="20230130 11:58:08.672" level="INFO">Slept 4 seconds</msg>
<status status="PASS" starttime="20230130 11:58:04.669" endtime="20230130 11:58:08.672"/>
</kw>
<kw name="Close Browser" library="SeleniumLibrary" type="TEARDOWN">
<doc>Closes the current browser.</doc>
<status status="PASS" starttime="20230130 11:58:08.672" endtime="20230130 11:58:09.231"/>
</kw>
<status status="PASS" starttime="20230130 11:58:04.668" endtime="20230130 11:58:09.231"/>
</kw>
<doc>When user changes view type by creating or editing a new view, already selected indicators should remain selected and visible.</doc>
<tag>2580</tag>
<tag>acceptance</tag>
<tag>analysis</tag>
<tag>create</tag>
<tag>edit</tag>
<tag>indicators</tag>
<tag>qackathon</tag>
<tag>regression</tag>
<tag>views</tag>
<status status="FAIL" starttime="20230130 11:57:40.568" endtime="20230130 11:58:09.231">Element with locator 'explore new view' not found.</status>
</test>
<test id="s1-s2-t4" name="Loading animation when creating views with a heavy load of data" line="97">
<kw name="Open Browser To ACCEPTANCE Login Page" library="Keywords" type="SETUP">
<kw name="Open Browser" library="SeleniumLibrary">
<arg>${ACCEPTANCE LOGIN URL}</arg>
<arg>${BROWSER1}</arg>
<doc>Opens a new browser instance to the optional ``url``.</doc>
<msg timestamp="20230130 11:58:09.236" level="INFO">Opening browser 'headlesschrome' to base url 'https://admin.3esynaptiq.com/sq2020/sign-in'.</msg>
<status status="PASS" starttime="20230130 11:58:09.235" endtime="20230130 11:58:13.530"/>
</kw>
<kw name="Maximize Browser Window" library="SeleniumLibrary">
<doc>Maximizes current browser window.</doc>
<status status="PASS" starttime="20230130 11:58:13.531" endtime="20230130 11:58:14.138"/>
</kw>
<kw name="Set Selenium Speed" library="SeleniumLibrary">
<arg>0.5s</arg>
<doc>Sets the delay that is waited after each Selenium command.</doc>
<status status="PASS" starttime="20230130 11:58:14.138" endtime="20230130 11:58:14.139"/>
</kw>
<kw name="Set Browser Implicit Wait" library="SeleniumLibrary">
<arg>5s</arg>
<doc>Sets the implicit wait value used by Selenium.</doc>
<status status="PASS" starttime="20230130 11:58:14.139" endtime="20230130 11:58:14.646"/>
</kw>
<kw name="Sleep" library="BuiltIn">
<arg>2s</arg>
<doc>Pauses the test executed for the given time.</doc>
<msg timestamp="20230130 11:58:16.647" level="INFO">Slept 2 seconds</msg>
<status status="PASS" starttime="20230130 11:58:14.646" endtime="20230130 11:58:16.648"/>
</kw>
<status status="PASS" starttime="20230130 11:58:09.234" endtime="20230130 11:58:16.648"/>
</kw>
<kw name="Login Acceptance" library="Keywords">
<doc>This keyword will perfom the steps for a valid login in ACCEPTANCE</doc>
<kw name="Input Text" library="SeleniumLibrary">
<arg>name=username</arg>
<arg>${ACCEPTANCE USERNAME 1}</arg>
<doc>Types the given ``text`` into the text field identified by ``locator``.</doc>
<msg timestamp="20230130 11:58:16.650" level="INFO">Typing text 'runtimerev' into text field 'name=username'.</msg>
<status status="PASS" starttime="20230130 11:58:16.649" endtime="20230130 11:58:18.276"/>
</kw>
<kw name="Input Password" library="SeleniumLibrary">
<arg>name=password</arg>
<arg>${ACCEPTANCE PASSWORD 1}</arg>
<doc>Types the given password into the text field identified by ``locator``.</doc>
<msg timestamp="20230130 11:58:18.278" level="INFO">Typing password into text field 'name=password'.</msg>
<msg timestamp="20230130 11:58:19.322" level="INFO">Temporally setting log level to: NONE</msg>
<msg timestamp="20230130 11:58:19.883" level="INFO">Log level changed from NONE to INFO.</msg>
<status status="PASS" starttime="20230130 11:58:18.277" endtime="20230130 11:58:19.883"/>
</kw>
<kw name="Click Element" library="SeleniumLibrary">
<arg>class=button</arg>
<doc>Click the element identified by ``locator``.</doc>
<msg timestamp="20230130 11:58:19.884" level="INFO">Clicking element 'class=button'.</msg>
<status status="PASS" starttime="20230130 11:58:19.884" endtime="20230130 11:58:20.967"/>
</kw>
<status status="PASS" starttime="20230130 11:58:16.649" endtime="20230130 11:58:20.967"/>
</kw>
<kw name="Access Views Manager" library="Keywords">
<doc>This keyword will include the steps to access the Analysis/Views Manager</doc>
<kw name="Wait Until Element Is Visible" library="SeleniumLibrary">
<arg>//a[@href='/sq2020/viewsmanager/views/list']</arg>
<arg>15s</arg>
<doc>Waits until the element ``locator`` is visible.</doc>
<status status="PASS" starttime="20230130 11:58:20.968" endtime="20230130 11:58:22.124"/>
</kw>
<kw name="Click Element" library="SeleniumLibrary">
<arg>//a[@href='/sq2020/viewsmanager/views/list']</arg>
<doc>Click the element identified by ``locator``.</doc>
<msg timestamp="20230130 11:58:22.125" level="INFO">Clicking element '//a[@href='/sq2020/viewsmanager/views/list']'.</msg>
<status status="PASS" starttime="20230130 11:58:22.124" endtime="20230130 11:58:23.319"/>
</kw>
<kw name="Sleep" library="BuiltIn">
<arg>2s</arg>
<doc>Pauses the test executed for the given time.</doc>
<msg timestamp="20230130 11:58:25.321" level="INFO">Slept 2 seconds</msg>
<status status="PASS" starttime="20230130 11:58:23.320" endtime="20230130 11:58:25.322"/>
</kw>
<status status="PASS" starttime="20230130 11:58:20.967" endtime="20230130 11:58:25.322"/>
</kw>
<kw name="Click Element" library="SeleniumLibrary">
<arg>Element</arg>
<doc>Click the element identified by ``locator``.</doc>
<msg timestamp="20230130 11:58:25.322" level="INFO">Clicking element 'Element'.</msg>
<msg timestamp="20230130 11:58:31.519" level="INFO" html="true">&lt;/td&gt;&lt;/tr&gt;&lt;tr&gt;&lt;td colspan="3"&gt;&lt;a href="selenium-screenshot-6.png"&gt;&lt;img src="selenium-screenshot-6.png" width="800px"&gt;&lt;/a&gt;</msg>
<msg timestamp="20230130 11:58:31.519" level="FAIL">Element with locator 'Element' not found.</msg>
<status status="FAIL" starttime="20230130 11:58:25.322" endtime="20230130 11:58:31.519"/>
</kw>
<kw name="Click Element" library="SeleniumLibrary">
<arg>Element</arg>
<doc>Click the element identified by ``locator``.</doc>
<status status="NOT RUN" starttime="20230130 11:58:31.520" endtime="20230130 11:58:31.520"/>
</kw>
<kw name="Finalize Test Case" library="Keywords" type="TEARDOWN">
<doc>This will includ a wait time of 2 seconds and the [Teardown] close browser keyword</doc>
<kw name="Sleep" library="BuiltIn">
<arg>4s</arg>
<doc>Pauses the test executed for the given time.</doc>
<msg timestamp="20230130 11:58:35.522" level="INFO">Slept 4 seconds</msg>
<status status="PASS" starttime="20230130 11:58:31.520" endtime="20230130 11:58:35.522"/>
</kw>
<kw name="Close Browser" library="SeleniumLibrary" type="TEARDOWN">
<doc>Closes the current browser.</doc>
<status status="PASS" starttime="20230130 11:58:35.522" endtime="20230130 11:58:36.079"/>
</kw>
<status status="PASS" starttime="20230130 11:58:31.520" endtime="20230130 11:58:36.079"/>
</kw>
<doc>A loading icon or animation should be displayed to informe the user that the information if being loaded</doc>
<tag>3956</tag>
<tag>acceptance</tag>
<tag>analysis</tag>
<tag>animation</tag>
<tag>loading</tag>
<tag>qackathon</tag>
<tag>regression</tag>
<tag>views</tag>
<status status="FAIL" starttime="20230130 11:58:09.232" endtime="20230130 11:58:36.080">Element with locator 'Element' not found.</status>
</test>
<doc>Acceptance | Analysis Regression</doc>
<status status="FAIL" starttime="20230130 11:56:47.110" endtime="20230130 11:58:36.081"/>
</suite>
<suite id="s1-s3" name="ApiTesting" source="/Users/runtime/PycharmProjects/RuntimeRegression/Tests/TestSuites/3E/RegressionTests/Acceptance/ApiTesting.robot">
<test id="s1-s3-t1" name="Do a GET Request and validate the response code and response body" line="35">
<kw name="Create Session" library="RequestsLibrary">
<arg>mysession</arg>
<arg>https://www.metaweather.com</arg>
<arg>verify=true</arg>
<doc>Create Session: create a HTTP session to a server</doc>
<msg timestamp="20230130 11:58:36.391" level="INFO">Creating Session using : alias=mysession, url=https://www.metaweather.com, headers={},                     cookies={}, auth=None, timeout=None, proxies=None, verify=True,                     debug=0 </msg>
<status status="PASS" starttime="20230130 11:58:36.391" endtime="20230130 11:58:36.391"/>
</kw>
<kw name="GET On Session" library="RequestsLibrary">
<var>${response}</var>
<arg>mysession</arg>
<arg>/api/location/search/</arg>
<arg>params=query=london</arg>
<doc>Sends a GET request on a previously created HTTP Session.</doc>
<msg timestamp="20230130 11:58:36.771" level="INFO">GET Request : url=https://www.metaweather.com/api/location/search/?query=london 
 path_url=/api/location/search/?query=london 
 headers={'User-Agent': 'python-requests/2.28.1', 'Accept-Encoding': 'gzip, deflate, br', 'Accept': '*/*', 'Connection': 'keep-alive'} 
 body=None 
 </msg>
<msg timestamp="20230130 11:58:36.771" level="INFO">GET Response : url=https://www.metaweather.com/api/location/search/?query=london 
 status=404, reason=Not Found 
 headers={'Content-Length': '272', 'Content-Type': 'text/html; charset=UTF-8', 'Date': 'Mon, 30 Jan 2023 11:58:37 GMT'} 
 body=
&lt;html&gt;&lt;head&gt;
&lt;meta http-equiv="content-type" content="text/html;charset=utf-8"&gt;
&lt;title&gt;404 Page not found&lt;/title&gt;
&lt;/head&gt;
&lt;body text=#000000 bgcolor=#ffffff&gt;
&lt;h1&gt;Error: Page not found&lt;/h1&gt;
&lt;h2&gt;The requested URL was not found on this server.&lt;/h2&gt;
&lt;h2&gt;&lt;/h2&gt;
&lt;/body&gt;&lt;/html&gt;
 
 </msg>
<msg timestamp="20230130 11:58:36.772" level="FAIL">HTTPError: 404 Client Error: Not Found for url: https://www.metaweather.com/api/location/search/?query=london</msg>
<status status="FAIL" starttime="20230130 11:58:36.391" endtime="20230130 11:58:36.779"/>
</kw>
<kw name="Status Should Be" library="RequestsLibrary">
<arg>200</arg>
<arg>${response}</arg>
<doc>Fails if response status code is different than the expected.</doc>
<status status="NOT RUN" starttime="20230130 11:58:36.780" endtime="20230130 11:58:36.780"/>
</kw>
<kw name="Get Value From Json" library="JSONLibrary">
<var>${title}</var>
<arg>${response.json()}[0]</arg>
<arg>title</arg>
<doc>Get Value From JSON using JSONPath</doc>
<status status="NOT RUN" starttime="20230130 11:58:36.780" endtime="20230130 11:58:36.780"/>
</kw>
<kw name="Get From List" library="Collections">
<var>${titleFromList}</var>
<arg>${title}</arg>
<arg>0</arg>
<doc>Returns the value specified with an ``index`` from ``list``.</doc>
<status status="NOT RUN" starttime="20230130 11:58:36.781" endtime="20230130 11:58:36.781"/>
</kw>
[...]
<arg>${ACCEPTANCE_VR_IMAGES_OBTAINED}/acceptance_users_manager_visual_regression_1.png</arg>
<arg>save_folder=${VR_COMPARISON}</arg>
<arg>ssim=1.00</arg>
<doc>Compares image on `compared_image_path` against base image on `base_image_path`.
Args:
    base_image_path (str): path to base image
    compared_image_path (str): path to compared image
    save_folder (str): path to the save folder
    ssim (float): SSIM threshold value
    image_format (str): image format, e.g. "png", "jpg"
Raises:
    TypeError:</doc>
<msg timestamp="20230130 12:08:07.811" level="INFO" html="true">&lt;p&gt;Image was saved to your output folder &lt;/p&gt;&lt;img src=/Users/runtime/PycharmProjects/RuntimeRegression/Results/RuntimeResults/AcceptanceResults/VisualRegressionResults/UsersManager/Img1675080487.774732.png&gt;&lt;/img&gt;</msg>
<status status="PASS" starttime="20230130 12:08:07.451" endtime="20230130 12:08:07.819"/>
</kw>
<kw name="Finalize Test Case" library="Keywords" type="TEARDOWN">
<doc>This will includ a wait time of 2 seconds and the [Teardown] close browser keyword</doc>
<kw name="Sleep" library="BuiltIn">
<arg>4s</arg>
<doc>Pauses the test executed for the given time.</doc>
<msg timestamp="20230130 12:08:11.821" level="INFO">Slept 4 seconds</msg>
<status status="PASS" starttime="20230130 12:08:07.819" endtime="20230130 12:08:11.821"/>
</kw>
<kw name="Close Browser" library="SeleniumLibrary" type="TEARDOWN">
<doc>Closes the current browser.</doc>
<status status="PASS" starttime="20230130 12:08:11.822" endtime="20230130 12:08:12.389"/>
</kw>
<status status="PASS" starttime="20230130 12:08:07.819" endtime="20230130 12:08:12.389"/>
</kw>
<doc>This test case will performe a visual regression of the Users Manager list</doc>
<tag>acceptance</tag>
<tag>demonstration</tag>
<tag>regression</tag>
<tag>users</tag>
<tag>visualregression</tag>
<tag>vr</tag>
<status status="PASS" starttime="20230130 12:07:46.861" endtime="20230130 12:08:12.389"/>
</test>
<test id="s1-s7-t3" name="Users - Account &amp; Preferences" line="48">
<kw name="Open Browser To ACCEPTANCE Login Page" library="Keywords" type="SETUP">
<kw name="Open Browser" library="SeleniumLibrary">
<arg>${ACCEPTANCE LOGIN URL}</arg>
<arg>${BROWSER1}</arg>
<doc>Opens a new browser instance to the optional ``url``.</doc>
<msg timestamp="20230130 12:08:12.392" level="INFO">Opening browser 'headlesschrome' to base url 'https://admin.3esynaptiq.com/sq2020/sign-in'.</msg>
<status status="PASS" starttime="20230130 12:08:12.391" endtime="20230130 12:08:16.413"/>
</kw>
<kw name="Maximize Browser Window" library="SeleniumLibrary">
<doc>Maximizes current browser window.</doc>
<status status="PASS" starttime="20230130 12:08:16.413" endtime="20230130 12:08:17.029"/>
</kw>
<kw name="Set Selenium Speed" library="SeleniumLibrary">
<arg>0.5s</arg>
<doc>Sets the delay that is waited after each Selenium command.</doc>
<status status="PASS" starttime="20230130 12:08:17.030" endtime="20230130 12:08:17.030"/>
</kw>
<kw name="Set Browser Implicit Wait" library="SeleniumLibrary">
<arg>5s</arg>
<doc>Sets the implicit wait value used by Selenium.</doc>
<status status="PASS" starttime="20230130 12:08:17.030" endtime="20230130 12:08:17.540"/>
</kw>
<kw name="Sleep" library="BuiltIn">
<arg>2s</arg>
<doc>Pauses the test executed for the given time.</doc>
<msg timestamp="20230130 12:08:19.544" level="INFO">Slept 2 seconds</msg>
<status status="PASS" starttime="20230130 12:08:17.541" endtime="20230130 12:08:19.544"/>
</kw>
<status status="PASS" starttime="20230130 12:08:12.391" endtime="20230130 12:08:19.545"/>
</kw>
<kw name="Login Acceptance" library="Keywords">
<doc>This keyword will perfom the steps for a valid login in ACCEPTANCE</doc>
<kw name="Input Text" library="SeleniumLibrary">
<arg>name=username</arg>
<arg>${ACCEPTANCE USERNAME 1}</arg>
<doc>Types the given ``text`` into the text field identified by ``locator``.</doc>
<msg timestamp="20230130 12:08:19.547" level="INFO">Typing text 'runtimerev' into text field 'name=username'.</msg>
<status status="PASS" starttime="20230130 12:08:19.546" endtime="20230130 12:08:21.193"/>
</kw>
<kw name="Input Password" library="SeleniumLibrary">
<arg>name=password</arg>
<arg>${ACCEPTANCE PASSWORD 1}</arg>
<doc>Types the given password into the text field identified by ``locator``.</doc>
<msg timestamp="20230130 12:08:21.194" level="INFO">Typing password into text field 'name=password'.</msg>
<msg timestamp="20230130 12:08:22.242" level="INFO">Temporally setting log level to: NONE</msg>
<msg timestamp="20230130 12:08:22.811" level="INFO">Log level changed from NONE to INFO.</msg>
<status status="PASS" starttime="20230130 12:08:21.193" endtime="20230130 12:08:22.811"/>
</kw>
<kw name="Click Element" library="SeleniumLibrary">
<arg>class=button</arg>
<doc>Click the element identified by ``locator``.</doc>
<msg timestamp="20230130 12:08:22.812" level="INFO">Clicking element 'class=button'.</msg>
<status status="PASS" starttime="20230130 12:08:22.811" endtime="20230130 12:08:23.899"/>
</kw>
<status status="PASS" starttime="20230130 12:08:19.545" endtime="20230130 12:08:23.900"/>
</kw>
<kw name="Access Account &amp; Preferences" library="Keywords">
<doc>This keyworld will include the steps to access the user account &amp; preferences</doc>
<kw name="Wait Until Element Is Visible" library="SeleniumLibrary">
<arg>//*[@id="user_popup"]/button</arg>
<doc>Waits until the element ``locator`` is visible.</doc>
<status status="PASS" starttime="20230130 12:08:23.900" endtime="20230130 12:08:25.053"/>
</kw>
<kw name="Click Element" library="SeleniumLibrary">
<arg>//*[@id="user_popup"]/button</arg>
<doc>Click the element identified by ``locator``.</doc>
<msg timestamp="20230130 12:08:25.054" level="INFO">Clicking element '//*[@id="user_popup"]/button'.</msg>
<status status="PASS" starttime="20230130 12:08:25.054" endtime="20230130 12:08:26.494"/>
</kw>
<kw name="Click Element" library="SeleniumLibrary">
<arg>//*[@id="user_popup"]/div/ul/li[1]/div</arg>
<doc>Click the element identified by ``locator``.</doc>
<msg timestamp="20230130 12:08:26.494" level="INFO">Clicking element '//*[@id="user_popup"]/div/ul/li[1]/div'.</msg>
<status status="PASS" starttime="20230130 12:08:26.494" endtime="20230130 12:08:27.734"/>
</kw>
<kw name="Sleep" library="BuiltIn">
<arg>2s</arg>
<doc>Pauses the test executed for the given time.</doc>
<msg timestamp="20230130 12:08:29.736" level="INFO">Slept 2 seconds</msg>
<status status="PASS" starttime="20230130 12:08:27.735" endtime="20230130 12:08:29.737"/>
</kw>
<status status="PASS" starttime="20230130 12:08:23.900" endtime="20230130 12:08:29.737"/>
</kw>
<kw name="Finalize Test Case" library="Keywords" type="TEARDOWN">
<doc>This will includ a wait time of 2 seconds and the [Teardown] close browser keyword</doc>
<kw name="Sleep" library="BuiltIn">
<arg>4s</arg>
<doc>Pauses the test executed for the given time.</doc>
<msg timestamp="20230130 12:08:33.741" level="INFO">Slept 4 seconds</msg>
<status status="PASS" starttime="20230130 12:08:29.738" endtime="20230130 12:08:33.741"/>
</kw>
<kw name="Close Browser" library="SeleniumLibrary" type="TEARDOWN">
<doc>Closes the current browser.</doc>
<status status="PASS" starttime="20230130 12:08:33.742" endtime="20230130 12:08:34.305"/>
</kw>
<status status="PASS" starttime="20230130 12:08:29.738" endtime="20230130 12:08:34.305"/>
</kw>
<doc>Test case to verify if Account &amp; Preferences is accessible</doc>
<tag>acceptance</tag>
<tag>accountpreferencesaccess</tag>
<tag>regression</tag>
<tag>users</tag>
<status status="PASS" starttime="20230130 12:08:12.390" endtime="20230130 12:08:34.306"/>
</test>
<test id="s1-s7-t4" name="Translations - Language Change" line="56">
<kw name="Open Browser To ACCEPTANCE Login Page" library="Keywords" type="SETUP">
<kw name="Open Browser" library="SeleniumLibrary">
<arg>${ACCEPTANCE LOGIN URL}</arg>
<arg>${BROWSER1}</arg>
<doc>Opens a new browser instance to the optional ``url``.</doc>
<msg timestamp="20230130 12:08:34.309" level="INFO">Opening browser 'headlesschrome' to base url 'https://admin.3esynaptiq.com/sq2020/sign-in'.</msg>
<status status="PASS" starttime="20230130 12:08:34.309" endtime="20230130 12:08:38.504"/>
</kw>
<kw name="Maximize Browser Window" library="SeleniumLibrary">
<doc>Maximizes current browser window.</doc>
<status status="PASS" starttime="20230130 12:08:38.505" endtime="20230130 12:08:39.140"/>
</kw>
<kw name="Set Selenium Speed" library="SeleniumLibrary">
<arg>0.5s</arg>
<doc>Sets the delay that is waited after each Selenium command.</doc>
<status status="PASS" starttime="20230130 12:08:39.140" endtime="20230130 12:08:39.141"/>
</kw>
<kw name="Set Browser Implicit Wait" library="SeleniumLibrary">
<arg>5s</arg>
<doc>Sets the implicit wait value used by Selenium.</doc>
<status status="PASS" starttime="20230130 12:08:39.141" endtime="20230130 12:08:39.667"/>
</kw>
<kw name="Sleep" library="BuiltIn">
<arg>2s</arg>
<doc>Pauses the test executed for the given time.</doc>
<msg timestamp="20230130 12:08:41.669" level="INFO">Slept 2 seconds</msg>
<status status="PASS" starttime="20230130 12:08:39.668" endtime="20230130 12:08:41.670"/>
</kw>
<status status="PASS" starttime="20230130 12:08:34.308" endtime="20230130 12:08:41.670"/>
</kw>
<kw name="Login Acceptance" library="Keywords">
<doc>This keyword will perfom the steps for a valid login in ACCEPTANCE</doc>
<kw name="Input Text" library="SeleniumLibrary">
<arg>name=username</arg>
<arg>${ACCEPTANCE USERNAME 1}</arg>
<doc>Types the given ``text`` into the text field identified by ``locator``.</doc>
<msg timestamp="20230130 12:08:41.672" level="INFO">Typing text 'runtimerev' into text field 'name=username'.</msg>
<status status="PASS" starttime="20230130 12:08:41.671" endtime="20230130 12:08:43.315"/>
</kw>
<kw name="Input Password" library="SeleniumLibrary">
<arg>name=password</arg>
<arg>${ACCEPTANCE PASSWORD 1}</arg>
<doc>Types the given password into the text field identified by ``locator``.</doc>
<msg timestamp="20230130 12:08:43.316" level="INFO">Typing password into text field 'name=password'.</msg>
<msg timestamp="20230130 12:08:44.366" level="INFO">Temporally setting log level to: NONE</msg>
<msg timestamp="20230130 12:08:44.943" level="INFO">Log level changed from NONE to INFO.</msg>
<status status="PASS" starttime="20230130 12:08:43.316" endtime="20230130 12:08:44.943"/>
</kw>
<kw name="Click Element" library="SeleniumLibrary">
<arg>class=button</arg>
<doc>Click the element identified by ``locator``.</doc>
<msg timestamp="20230130 12:08:44.944" level="INFO">Clicking element 'class=button'.</msg>
<status status="PASS" starttime="20230130 12:08:44.943" endtime="20230130 12:08:46.008"/>
</kw>
<status status="PASS" starttime="20230130 12:08:41.670" endtime="20230130 12:08:46.008"/>
</kw>
<kw name="Access Account &amp; Preferences" library="Keywords">
<doc>This keyworld will include the steps to access the user account &amp; preferences</doc>
<kw name="Wait Until Element Is Visible" library="SeleniumLibrary">
<arg>//*[@id="user_popup"]/button</arg>
<doc>Waits until the element ``locator`` is visible.</doc>
<status status="PASS" starttime="20230130 12:08:46.009" endtime="20230130 12:08:47.324"/>
</kw>
<kw name="Click Element" library="SeleniumLibrary">
<arg>//*[@id="user_popup"]/button</arg>
<doc>Click the element identified by ``locator``.</doc>
<msg timestamp="20230130 12:08:47.325" level="INFO">Clicking element '//*[@id="user_popup"]/button'.</msg>
<status status="PASS" starttime="20230130 12:08:47.324" endtime="20230130 12:08:48.469"/>
</kw>
<kw name="Click Element" library="SeleniumLibrary">
<arg>//*[@id="user_popup"]/div/ul/li[1]/div</arg>
<doc>Click the element identified by ``locator``.</doc>
<msg timestamp="20230130 12:08:48.470" level="INFO">Clicking element '//*[@id="user_popup"]/div/ul/li[1]/div'.</msg>
<status status="PASS" starttime="20230130 12:08:48.469" endtime="20230130 12:08:49.667"/>
</kw>
<kw name="Sleep" library="BuiltIn">
<arg>2s</arg>
<doc>Pauses the test executed for the given time.</doc>
<msg timestamp="20230130 12:08:51.668" level="INFO">Slept 2 seconds</msg>
<status status="PASS" starttime="20230130 12:08:49.667" endtime="20230130 12:08:51.668"/>
</kw>
<status status="PASS" starttime="20230130 12:08:46.008" endtime="20230130 12:08:51.668"/>
</kw>
<kw name="Click Element" library="SeleniumLibrary">
<arg>//*[@id="language_timezone"]</arg>
<doc>Click the element identified by ``locator``.</doc>
<msg timestamp="20230130 12:08:51.669" level="INFO">Clicking element '//*[@id="language_timezone"]'.</msg>
<status status="PASS" starttime="20230130 12:08:51.668" endtime="20230130 12:08:52.846"/>
</kw>
<kw name="Page Should Contain" library="SeleniumLibrary">
<arg>Language</arg>
<doc>Verifies that current page contains ``text``.</doc>
<msg timestamp="20230130 12:09:07.334" level="INFO" html="true">&lt;/td&gt;&lt;/tr&gt;&lt;tr&gt;&lt;td colspan="3"&gt;&lt;a href="selenium-screenshot-17.png"&gt;&lt;img src="selenium-screenshot-17.png" width="800px"&gt;&lt;/a&gt;</msg>
<msg timestamp="20230130 12:09:07.334" level="FAIL">Page should have contained text 'Language' but did not.</msg>
<status status="FAIL" starttime="20230130 12:08:52.846" endtime="20230130 12:09:07.335"/>
</kw>
<kw name="Page Should Contain Element" library="SeleniumLibrary">
<arg>//*[@id="mui-component-select-language"]</arg>
<doc>Verifies that element ``locator`` is found on the current page.</doc>
<status status="NOT RUN" starttime="20230130 12:09:07.335" endtime="20230130 12:09:07.335"/>
</kw>
<kw name="Click Element" library="SeleniumLibrary">
<arg>//*[@id="mui-component-select-language"]</arg>
<doc>Click the element identified by ``locator``.</doc>
<status status="NOT RUN" starttime="20230130 12:09:07.335" endtime="20230130 12:09:07.335"/>
</kw>
<kw name="Click Element" library="SeleniumLibrary">
<arg>//*[@id="menu-language"]/div[3]/ul/li[2]</arg>
<doc>Click the element identified by ``locator``.</doc>
<status status="NOT RUN" starttime="20230130 12:09:07.336" endtime="20230130 12:09:07.336"/>
</kw>
<kw name="Finalize Test Case" library="Keywords" type="TEARDOWN">
<doc>This will includ a wait time of 2 seconds and the [Teardown] close browser keyword</doc>
<kw name="Sleep" library="BuiltIn">
<arg>4s</arg>
<doc>Pauses the test executed for the given time.</doc>
<msg timestamp="20230130 12:09:11.338" level="INFO">Slept 4 seconds</msg>
<status status="PASS" starttime="20230130 12:09:07.336" endtime="20230130 12:09:11.339"/>
</kw>
<kw name="Close Browser" library="SeleniumLibrary" type="TEARDOWN">
<doc>Closes the current browser.</doc>
<status status="PASS" starttime="20230130 12:09:11.339" endtime="20230130 12:09:11.911"/>
</kw>
<status status="PASS" starttime="20230130 12:09:07.336" endtime="20230130 12:09:11.911"/>
</kw>
<doc>Test case to validate language change in the application</doc>
<tag>acceptance</tag>
<tag>accountpreferences</tag>
<tag>regression</tag>
<tag>translations</tag>
<tag>users</tag>
<status status="FAIL" starttime="20230130 12:08:34.307" endtime="20230130 12:09:11.911">Page should have contained text 'Language' but did not.</status>
</test>
<doc>Acceptance | Users Manager Regression</doc>
<status status="FAIL" starttime="20230130 12:07:23.190" endtime="20230130 12:09:11.913"/>
</suite>
<status status="FAIL" starttime="20230130 11:53:44.262" endtime="20230130 12:09:11.917"/>
</suite>
<statistics>
<total>
<stat pass="16" fail="18" skip="0">All Tests</stat>
</total>
<tag>
<stat pass="0" fail="1" skip="0">2580</stat>
<stat pass="0" fail="1" skip="0">3471</stat>
<stat pass="0" fail="1" skip="0">3585</stat>
<stat pass="1" fail="1" skip="0">3599</stat>
<stat pass="0" fail="1" skip="0">3666</stat>
<stat pass="0" fail="1" skip="0">3714</stat>
<stat pass="1" fail="0" skip="0">3715</stat>
<stat pass="0" fail="1" skip="0">3720</stat>
<stat pass="1" fail="0" skip="0">3723</stat>
<stat pass="1" fail="0" skip="0">3771</stat>
<stat pass="1" fail="0" skip="0">3791</stat>
<stat pass="0" fail="1" skip="0">3827</stat>
<stat pass="0" fail="1" skip="0">3956</stat>
<stat pass="1" fail="0" skip="0">3968</stat>
<stat pass="0" fail="1" skip="0">3995</stat>
<stat pass="0" fail="1" skip="0">3996</stat>
<stat pass="1" fail="1" skip="0">3dots</stat>
<stat pass="0" fail="1" skip="0">4154</stat>
<stat pass="16" fail="18" skip="0">acceptance</stat>
<stat pass="2" fail="0" skip="0">access</stat>
<stat pass="0" fail="1" skip="0">accountpreferences</stat>
<stat pass="1" fail="0" skip="0">accountpreferencesaccess</stat>
<stat pass="4" fail="4" skip="0">alarms</stat>
<stat pass="1" fail="3" skip="0">analysis</stat>
<stat pass="0" fail="1" skip="0">animation</stat>
<stat pass="1" fail="1" skip="0">api</stat>
<stat pass="0" fail="1" skip="0">create</stat>
<stat pass="0" fail="2" skip="0">creation</stat>
<stat pass="2" fail="1" skip="0">dashboard</stat>
<stat pass="2" fail="3" skip="0">dashboards</stat>
<stat pass="1" fail="1" skip="0">deletion</stat>
<stat pass="1" fail="1" skip="0">demo</stat>
<stat pass="6" fail="2" skip="0">demonstration</stat>
<stat pass="0" fail="1" skip="0">disable</stat>
<stat pass="0" fail="3" skip="0">edit</stat>
<stat pass="0" fail="1" skip="0">enale</stat>
<stat pass="1" fail="0" skip="0">exception</stat>
<stat pass="0" fail="1" skip="0">filter</stat>
<stat pass="1" fail="1" skip="0">filters</stat>
<stat pass="0" fail="1" skip="0">get</stat>
<stat pass="1" fail="1" skip="0">graphs</stat>
<stat pass="0" fail="1" skip="0">indicators</stat>
<stat pass="1" fail="1" skip="0">loading</stat>
<stat pass="1" fail="0" skip="0">login</stat>
<stat pass="0" fail="1" skip="0">logout</stat>
<stat pass="3" fail="0" skip="0">management</stat>
<stat pass="4" fail="2" skip="0">manager</stat>
<stat pass="0" fail="1" skip="0">map</stat>
<stat pass="1" fail="0" skip="0">notifications</stat>
<stat pass="0" fail="1" skip="0">object</stat>
<stat pass="1" fail="0" skip="0">porfolio</stat>
<stat pass="1" fail="7" skip="0">portfolio</stat>
<stat pass="1" fail="0" skip="0">post</stat>
<stat pass="1" fail="6" skip="0">qackathon</stat>
<stat pass="0" fail="1" skip="0">refresh</stat>
<stat pass="14" fail="15" skip="0">regression</stat>
<stat pass="1" fail="0" skip="0">resource_analysis</stat>
<stat pass="0" fail="1" skip="0">scroll</stat>
<stat pass="1" fail="0" skip="0">search</stat>
<stat pass="1" fail="1" skip="0">settings</stat>
<stat pass="1" fail="1" skip="0">smoke</stat>
<stat pass="0" fail="1" skip="0">sprint59</stat>
<stat pass="4" fail="2" skip="0">sprint60</stat>
<stat pass="0" fail="1" skip="0">sprint61</stat>
<stat pass="0" fail="2" skip="0">tasks</stat>
<stat pass="0" fail="1" skip="0">translations</stat>
<stat pass="0" fail="1" skip="0">update</stat>
<stat pass="3" fail="1" skip="0">users</stat>
<stat pass="1" fail="3" skip="0">views</stat>
<stat pass="1" fail="0" skip="0">visualregression</stat>
<stat pass="1" fail="1" skip="0">VR</stat>
</tag>
<suite>
<stat pass="16" fail="18" skip="0" id="s1" name="Acceptance">Acceptance</stat>
<stat pass="4" fail="2" skip="0" id="s1-s1" name="Alarms">Acceptance.Alarms</stat>
<stat pass="1" fail="3" skip="0" id="s1-s2" name="Analysis">Acceptance.Analysis</stat>
<stat pass="1" fail="1" skip="0" id="s1-s3" name="ApiTesting">Acceptance.ApiTesting</stat>
<stat pass="4" fail="4" skip="0" id="s1-s4" name="Dashboards">Acceptance.Dashboards</stat>
<stat pass="1" fail="0" skip="0" id="s1-s5" name="Notifications">Acceptance.Notifications</stat>
<stat pass="2" fail="7" skip="0" id="s1-s6" name="Portfolio">Acceptance.Portfolio</stat>
<stat pass="3" fail="1" skip="0" id="s1-s7" name="Users">Acceptance.Users</stat>
</suite>
</statistics>
<errors>
<msg timestamp="20230130 12:06:32.781" level="ERROR" html="true">&lt;p&gt;Images arent same&lt;/p&gt;&lt;img src=/Users/runtime/PycharmProjects/RuntimeRegression/Results/RuntimeResults/AcceptanceResults/VisualRegressionResults/Portfolio/Img1675080392.743712.png&gt;&lt;/img&gt;</msg>
</errors>
</robot>
