<?xml version="1.0" encoding="UTF-8"?>
<robot generator="Robot 5.0.1 (Python 3.10.5 on darwin)" generated="20220927 17:49:44.529" rpa="false" schemaversion="3">
<suite id="s1" name="Production" source="/Users/runtime/PycharmProjects/RuntimeRegression/Tests/TestSuites/3E/RegressionTests/Production">
<suite id="s1-s1" name="Portfolio" source="/Users/runtime/PycharmProjects/RuntimeRegression/Tests/TestSuites/3E/RegressionTests/Production/Portfolio.robot">
<test id="s1-s1-t1" name="Tasks - scroll bar validation in the task forms" line="58">
<kw name="Open Browser To PROD Login Page" library="Keywords" type="SETUP">
<kw name="Open Browser" library="SeleniumLibrary">
<arg>${PROD LOGIN URL}</arg>
<arg>${BROWSER1}</arg>
<doc>Opens a new browser instance to the optional ``url``.</doc>
<msg timestamp="20220927 17:49:46.881" level="INFO">Opening browser 'chrome' to base url 'https://synaptiq.3esynaptiq.com/sq2020/sign-in'.</msg>
<status status="PASS" starttime="20220927 17:49:46.881" endtime="20220927 17:49:58.423"/>
</kw>
<kw name="Maximize Browser Window" library="SeleniumLibrary">
<doc>Maximizes current browser window.</doc>
<status status="PASS" starttime="20220927 17:49:58.423" endtime="20220927 17:49:58.568"/>
</kw>
<kw name="Set Selenium Speed" library="SeleniumLibrary">
<arg>0.5s</arg>
<doc>Sets the delay that is waited after each Selenium command.</doc>
<status status="PASS" starttime="20220927 17:49:58.568" endtime="20220927 17:49:58.568"/>
</kw>
<kw name="Set Browser Implicit Wait" library="SeleniumLibrary">
<arg>5s</arg>
<doc>Sets the implicit wait value used by Selenium.</doc>
<status status="PASS" starttime="20220927 17:49:58.568" endtime="20220927 17:49:59.073"/>
</kw>
<kw name="Sleep" library="BuiltIn">
<arg>2s</arg>
<doc>Pauses the test executed for the given time.</doc>
<msg timestamp="20220927 17:50:01.074" level="INFO">Slept 2 seconds</msg>
<status status="PASS" starttime="20220927 17:49:59.073" endtime="20220927 17:50:01.074"/>
</kw>
<status status="PASS" starttime="20220927 17:49:46.881" endtime="20220927 17:50:01.074"/>
</kw>
<kw name="Login Prod" library="Keywords">
<doc>This keyword will perfom the steps for a valid login in PRODUCTION</doc>
<kw name="Input Text" library="SeleniumLibrary">
<arg>name=username</arg>
<arg>${PROD USERNAME 2}</arg>
<doc>Types the given ``text`` into the text field identified by ``locator``.</doc>
<msg timestamp="20220927 17:50:01.077" level="INFO">Typing text 'sqdemo' into text field 'name=username'.</msg>
<status status="PASS" starttime="20220927 17:50:01.075" endtime="20220927 17:50:02.724"/>
</kw>
<kw name="Input Password" library="SeleniumLibrary">
<arg>name=password</arg>
<arg>${PROD PASSWORD 2}</arg>
<doc>Types the given password into the text field identified by ``locator``.</doc>
<msg timestamp="20220927 17:50:02.725" level="INFO">Typing password into text field 'name=password'.</msg>
<msg timestamp="20220927 17:50:03.773" level="INFO">Temporally setting log level to: NONE</msg>
<msg timestamp="20220927 17:50:04.372" level="INFO">Log level changed from NONE to INFO.</msg>
<status status="PASS" starttime="20220927 17:50:02.724" endtime="20220927 17:50:04.372"/>
</kw>
<kw name="Click Element" library="SeleniumLibrary">
<arg>class=button</arg>
<doc>Click the element identified by ``locator``.</doc>
<msg timestamp="20220927 17:50:04.372" level="INFO">Clicking element 'class=button'.</msg>
<status status="PASS" starttime="20220927 17:50:04.372" endtime="20220927 17:50:05.439"/>
</kw>
<status status="PASS" starttime="20220927 17:50:01.075" endtime="20220927 17:50:05.439"/>
</kw>
<kw name="Wait Until Element Is Visible" library="SeleniumLibrary">
<arg>//*[@id="main-app"]/div[2]/div[1]/div[1]/div/div/div[3]/span/a</arg>
<doc>Waits until the element ``locator`` is visible.</doc>
<status status="PASS" starttime="20220927 17:50:05.439" endtime="20220927 17:50:06.584"/>
</kw>
<kw name="Click Element" library="SeleniumLibrary">
<arg>//*[@id="main-app"]/div[2]/div[1]/div[1]/div/div/div[3]/span/a</arg>
<doc>Click the element identified by ``locator``.</doc>
<msg timestamp="20220927 17:50:06.584" level="INFO">Clicking element '//*[@id="main-app"]/div[2]/div[1]/div[1]/div/div/div[3]/span/a'.</msg>
<status status="PASS" starttime="20220927 17:50:06.584" endtime="20220927 17:50:08.031"/>
</kw>
<kw name="Wait Until Element Is Visible" library="SeleniumLibrary">
<arg>//a[@href='/sq2020/portfoliomanager/sites/all/interventions/form-view']</arg>
<doc>Waits until the element ``locator`` is visible.</doc>
<status status="PASS" starttime="20220927 17:50:08.032" endtime="20220927 17:50:09.786"/>
</kw>
<kw name="Click Element" library="SeleniumLibrary">
<arg>//a[@href='/sq2020/portfoliomanager/sites/all/interventions/form-view']</arg>
<doc>Click the element identified by ``locator``.</doc>
<msg timestamp="20220927 17:50:09.787" level="INFO">Clicking element '//a[@href='/sq2020/portfoliomanager/sites/all/interventions/form-view']'.</msg>
<status status="PASS" starttime="20220927 17:50:09.787" endtime="20220927 17:50:11.017"/>
</kw>
<kw name="Maximize Browser Window" library="SeleniumLibrary">
<doc>Maximizes current browser window.</doc>
<status status="PASS" starttime="20220927 17:50:11.018" endtime="20220927 17:50:11.629"/>
</kw>
<kw name="Sleep" library="BuiltIn">
<arg>10s</arg>
<doc>Pauses the test executed for the given time.</doc>
<msg timestamp="20220927 17:50:21.630" level="INFO">Slept 10 seconds</msg>
<status status="PASS" starttime="20220927 17:50:11.629" endtime="20220927 17:50:21.630"/>
</kw>
<kw name="Reload Page" library="SeleniumLibrary">
<doc>Simulates user reloading page.</doc>
<status status="PASS" starttime="20220927 17:50:21.630" endtime="20220927 17:50:22.730"/>
</kw>
<kw name="Wait Until Element Is Visible" library="SeleniumLibrary">
<arg>//*[@id="task-list"]</arg>
<arg>30s</arg>
<doc>Waits until the element ``locator`` is visible.</doc>
<status status="PASS" starttime="20220927 17:50:22.731" endtime="20220927 17:50:24.501"/>
</kw>
<kw name="Click Element" library="SeleniumLibrary">
<arg>//*[@id="task-list"]</arg>
<doc>Click the element identified by ``locator``.</doc>
<msg timestamp="20220927 17:50:24.502" level="INFO">Clicking element '//*[@id="task-list"]'.</msg>
<status status="PASS" starttime="20220927 17:50:24.502" endtime="20220927 17:50:25.610"/>
</kw>
<kw name="Scroll All Down" library="Keywords">
<doc>This keyword was generated for the issue in test case 3995. To run, use tag 3995.</doc>
<kw name="Sleep" library="BuiltIn">
<arg>2s</arg>
<doc>Pauses the test executed for the given time.</doc>
<msg timestamp="20220927 17:50:27.613" level="INFO">Slept 2 seconds</msg>
<status status="PASS" starttime="20220927 17:50:25.611" endtime="20220927 17:50:27.613"/>
</kw>
<kw name="Press Keys" library="SeleniumLibrary">
<arg>//*[@id="main-app"]/div[2]/div[2]/div/div[2]/div/div[3]</arg>
<arg>ARROW_DOWN</arg>
<arg>ARROW_DOWN</arg>
<arg>ARROW_DOWN</arg>
<arg>ARROW_DOWN</arg>
<arg>ARROW_DOWN</arg>
<arg>ARROW_DOWN</arg>
<arg>ARROW_DOWN</arg>
<arg>ARROW_DOWN</arg>
<arg>ARROW_DOWN</arg>
<arg>ARROW_DOWN</arg>
<arg>ARROW_DOWN</arg>
<arg>ARROW_DOWN</arg>
<arg>ARROW_DOWN</arg>
<arg>ARROW_DOWN</arg>
<doc>Simulates the user pressing key(s) to an element or on the active browser.</doc>
<msg timestamp="20220927 17:50:27.618" level="INFO">Sending key(s) ('ARROW_DOWN', 'ARROW_DOWN', 'ARROW_DOWN', 'ARROW_DOWN', 'ARROW_DOWN', 'ARROW_DOWN', 'ARROW_DOWN', 'ARROW_DOWN', 'ARROW_DOWN', 'ARROW_DOWN', 'ARROW_DOWN', 'ARROW_DOWN', 'ARROW_DOWN', 'ARROW_DOWN') to //*[@id="main-app"]/div[2]/div[2]/div/div[2]/div/div[3] element.</msg>
<msg timestamp="20220927 17:50:28.921" level="INFO">Pressing special key ARROW_DOWN to element.</msg>
<msg timestamp="20220927 17:50:28.921" level="INFO">Releasing special key ARROW_DOWN.</msg>
<msg timestamp="20220927 17:50:29.433" level="INFO">Pressing special key ARROW_DOWN to element.</msg>
<msg timestamp="20220927 17:50:29.433" level="INFO">Releasing special key ARROW_DOWN.</msg>
<msg timestamp="20220927 17:50:29.942" level="INFO">Pressing special key ARROW_DOWN to element.</msg>
<msg timestamp="20220927 17:50:29.942" level="INFO">Releasing special key ARROW_DOWN.</msg>
<msg timestamp="20220927 17:50:30.453" level="INFO">Pressing special key ARROW_DOWN to element.</msg>
<msg timestamp="20220927 17:50:30.453" level="INFO">Releasing special key ARROW_DOWN.</msg>
<msg timestamp="20220927 17:50:30.965" level="INFO">Pressing special key ARROW_DOWN to element.</msg>
<msg timestamp="20220927 17:50:30.965" level="INFO">Releasing special key ARROW_DOWN.</msg>
<msg timestamp="20220927 17:50:31.476" level="INFO">Pressing special key ARROW_DOWN to element.</msg>
<msg timestamp="20220927 17:50:31.476" level="INFO">Releasing special key ARROW_DOWN.</msg>
<msg timestamp="20220927 17:50:31.983" level="INFO">Pressing special key ARROW_DOWN to element.</msg>
<msg timestamp="20220927 17:50:31.983" level="INFO">Releasing special key ARROW_DOWN.</msg>
<msg timestamp="20220927 17:50:32.494" level="INFO">Pressing special key ARROW_DOWN to element.</msg>
<msg timestamp="20220927 17:50:32.494" level="INFO">Releasing special key ARROW_DOWN.</msg>
<msg timestamp="20220927 17:50:33.019" level="INFO">Pressing special key ARROW_DOWN to element.</msg>
<msg timestamp="20220927 17:50:33.019" level="INFO">Releasing special key ARROW_DOWN.</msg>
<msg timestamp="20220927 17:50:33.527" level="INFO">Pressing special key ARROW_DOWN to element.</msg>
<msg timestamp="20220927 17:50:33.528" level="INFO">Releasing special key ARROW_DOWN.</msg>
<msg timestamp="20220927 17:50:34.039" level="INFO">Pressing special key ARROW_DOWN to element.</msg>
<msg timestamp="20220927 17:50:34.039" level="INFO">Releasing special key ARROW_DOWN.</msg>
<msg timestamp="20220927 17:50:34.545" level="INFO">Pressing special key ARROW_DOWN to element.</msg>
<msg timestamp="20220927 17:50:34.546" level="INFO">Releasing special key ARROW_DOWN.</msg>
<msg timestamp="20220927 17:50:35.056" level="INFO">Pressing special key ARROW_DOWN to element.</msg>
<msg timestamp="20220927 17:50:35.056" level="INFO">Releasing special key ARROW_DOWN.</msg>
<msg timestamp="20220927 17:50:35.566" level="INFO">Pressing special key ARROW_DOWN to element.</msg>
<msg timestamp="20220927 17:50:35.566" level="INFO">Releasing special key ARROW_DOWN.</msg>
<status status="PASS" starttime="20220927 17:50:27.613" endtime="20220927 17:50:36.074"/>
</kw>
<kw name="Press Keys" library="SeleniumLibrary">
<arg>//*[@id="main-app"]/div[2]/div[2]/div/div[3]/div/div</arg>
<arg>ARROW_DOWN</arg>
<arg>ARROW_DOWN</arg>
<arg>ARROW_DOWN</arg>
<arg>ARROW_DOWN</arg>
<arg>ARROW_DOWN</arg>
<arg>ARROW_DOWN</arg>
<arg>ARROW_DOWN</arg>
<arg>ARROW_DOWN</arg>
<arg>ARROW_DOWN</arg>
<arg>ARROW_DOWN</arg>
<arg>ARROW_DOWN</arg>
<arg>ARROW_DOWN</arg>
<arg>ARROW_DOWN</arg>
<arg>ARROW_DOWN</arg>
<doc>Simulates the user pressing key(s) to an element or on the active browser.</doc>
<msg timestamp="20220927 17:50:36.076" level="INFO">Sending key(s) ('ARROW_DOWN', 'ARROW_DOWN', 'ARROW_DOWN', 'ARROW_DOWN', 'ARROW_DOWN', 'ARROW_DOWN', 'ARROW_DOWN', 'ARROW_DOWN', 'ARROW_DOWN', 'ARROW_DOWN', 'ARROW_DOWN', 'ARROW_DOWN', 'ARROW_DOWN', 'ARROW_DOWN') to //*[@id="main-app"]/div[2]/div[2]/div/div[3]/div/div element.</msg>
<msg timestamp="20220927 17:50:37.358" level="INFO">Pressing special key ARROW_DOWN to element.</msg>
<msg timestamp="20220927 17:50:37.358" level="INFO">Releasing special key ARROW_DOWN.</msg>
<msg timestamp="20220927 17:50:37.869" level="INFO">Pressing special key ARROW_DOWN to element.</msg>
<msg timestamp="20220927 17:50:37.869" level="INFO">Releasing special key ARROW_DOWN.</msg>
<msg timestamp="20220927 17:50:38.379" level="INFO">Pressing special key ARROW_DOWN to element.</msg>
<msg timestamp="20220927 17:50:38.379" level="INFO">Releasing special key ARROW_DOWN.</msg>
<msg timestamp="20220927 17:50:38.890" level="INFO">Pressing special key ARROW_DOWN to element.</msg>
<msg timestamp="20220927 17:50:38.891" level="INFO">Releasing special key ARROW_DOWN.</msg>
<msg timestamp="20220927 17:50:39.410" level="INFO">Pressing special key ARROW_DOWN to element.</msg>
<msg timestamp="20220927 17:50:39.411" level="INFO">Releasing special key ARROW_DOWN.</msg>
<msg timestamp="20220927 17:50:39.921" level="INFO">Pressing special key ARROW_DOWN to element.</msg>
<msg timestamp="20220927 17:50:39.921" level="INFO">Releasing special key ARROW_DOWN.</msg>
<msg timestamp="20220927 17:50:40.431" level="INFO">Pressing special key ARROW_DOWN to element.</msg>
<msg timestamp="20220927 17:50:40.431" level="INFO">Releasing special key ARROW_DOWN.</msg>
<msg timestamp="20220927 17:50:40.942" level="INFO">Pressing special key ARROW_DOWN to element.</msg>
<msg timestamp="20220927 17:50:40.942" level="INFO">Releasing special key ARROW_DOWN.</msg>
<msg timestamp="20220927 17:50:41.454" level="INFO">Pressing special key ARROW_DOWN to element.</msg>
<msg timestamp="20220927 17:50:41.455" level="INFO">Releasing special key ARROW_DOWN.</msg>
<msg timestamp="20220927 17:50:41.964" level="INFO">Pressing special key ARROW_DOWN to element.</msg>
<msg timestamp="20220927 17:50:41.964" level="INFO">Releasing special key ARROW_DOWN.</msg>
<msg timestamp="20220927 17:50:42.475" level="INFO">Pressing special key ARROW_DOWN to element.</msg>
<msg timestamp="20220927 17:50:42.475" level="INFO">Releasing special key ARROW_DOWN.</msg>
<msg timestamp="20220927 17:50:42.984" level="INFO">Pressing special key ARROW_DOWN to element.</msg>
<msg timestamp="20220927 17:50:42.984" level="INFO">Releasing special key ARROW_DOWN.</msg>
<msg timestamp="20220927 17:50:43.493" level="INFO">Pressing special key ARROW_DOWN to element.</msg>
<msg timestamp="20220927 17:50:43.493" level="INFO">Releasing special key ARROW_DOWN.</msg>
<msg timestamp="20220927 17:50:44.004" level="INFO">Pressing special key ARROW_DOWN to element.</msg>
<msg timestamp="20220927 17:50:44.004" level="INFO">Releasing special key ARROW_DOWN.</msg>
<status status="PASS" starttime="20220927 17:50:36.074" endtime="20220927 17:50:44.516"/>
</kw>
<kw name="Press Keys" library="SeleniumLibrary">
<arg>None</arg>
<arg>ARROW_DOWN</arg>
<arg>ARROW_DOWN</arg>
<arg>ARROW_DOWN</arg>
<arg>ARROW_DOWN</arg>
<arg>ARROW_DOWN</arg>
<arg>ARROW_DOWN</arg>
<arg>ARROW_DOWN</arg>
<arg>ARROW_DOWN</arg>
<arg>ARROW_DOWN</arg>
<arg>ARROW_DOWN</arg>
<arg>ARROW_DOWN</arg>
<arg>ARROW_DOWN</arg>
<arg>ARROW_DOWN</arg>
<doc>Simulates the user pressing key(s) to an element or on the active browser.</doc>
<msg timestamp="20220927 17:50:44.519" level="INFO">Sending key(s) ('ARROW_DOWN', 'ARROW_DOWN', 'ARROW_DOWN', 'ARROW_DOWN', 'ARROW_DOWN', 'ARROW_DOWN', 'ARROW_DOWN', 'ARROW_DOWN', 'ARROW_DOWN', 'ARROW_DOWN', 'ARROW_DOWN', 'ARROW_DOWN', 'ARROW_DOWN') to page.</msg>
<msg timestamp="20220927 17:50:44.519" level="INFO">Pressing special key ARROW_DOWN to browser.</msg>
<msg timestamp="20220927 17:50:44.519" level="INFO">Releasing special key ARROW_DOWN.</msg>
<msg timestamp="20220927 17:50:45.030" level="INFO">Pressing special key ARROW_DOWN to browser.</msg>
<msg timestamp="20220927 17:50:45.030" level="INFO">Releasing special key ARROW_DOWN.</msg>
<msg timestamp="20220927 17:50:45.537" level="INFO">Pressing special key ARROW_DOWN to browser.</msg>
<msg timestamp="20220927 17:50:45.537" level="INFO">Releasing special key ARROW_DOWN.</msg>
<msg timestamp="20220927 17:50:46.047" level="INFO">Pressing special key ARROW_DOWN to browser.</msg>
<msg timestamp="20220927 17:50:46.048" level="INFO">Releasing special key ARROW_DOWN.</msg>
<msg timestamp="20220927 17:50:46.558" level="INFO">Pressing special key ARROW_DOWN to browser.</msg>
<msg timestamp="20220927 17:50:46.558" level="INFO">Releasing special key ARROW_DOWN.</msg>
<msg timestamp="20220927 17:50:47.069" level="INFO">Pressing special key ARROW_DOWN to browser.</msg>
<msg timestamp="20220927 17:50:47.069" level="INFO">Releasing special key ARROW_DOWN.</msg>
<msg timestamp="20220927 17:50:47.580" level="INFO">Pressing special key ARROW_DOWN to browser.</msg>
<msg timestamp="20220927 17:50:47.580" level="INFO">Releasing special key ARROW_DOWN.</msg>
<msg timestamp="20220927 17:50:48.091" level="INFO">Pressing special key ARROW_DOWN to browser.</msg>
<msg timestamp="20220927 17:50:48.091" level="INFO">Releasing special key ARROW_DOWN.</msg>
<msg timestamp="20220927 17:50:48.601" level="INFO">Pressing special key ARROW_DOWN to browser.</msg>
<msg timestamp="20220927 17:50:48.601" level="INFO">Releasing special key ARROW_DOWN.</msg>
<msg timestamp="20220927 17:50:49.111" level="INFO">Pressing special key ARROW_DOWN to browser.</msg>
<msg timestamp="20220927 17:50:49.111" level="INFO">Releasing special key ARROW_DOWN.</msg>
<msg timestamp="20220927 17:50:49.621" level="INFO">Pressing special key ARROW_DOWN to browser.</msg>
<msg timestamp="20220927 17:50:49.621" level="INFO">Releasing special key ARROW_DOWN.</msg>
<msg timestamp="20220927 17:50:50.131" level="INFO">Pressing special key ARROW_DOWN to browser.</msg>
<msg timestamp="20220927 17:50:50.132" level="INFO">Releasing special key ARROW_DOWN.</msg>
<msg timestamp="20220927 17:50:50.642" level="INFO">Pressing special key ARROW_DOWN to browser.</msg>
<msg timestamp="20220927 17:50:50.642" level="INFO">Releasing special key ARROW_DOWN.</msg>
<status status="PASS" starttime="20220927 17:50:44.516" endtime="20220927 17:50:51.153"/>
</kw>
<kw name="Execute Javascript" library="SeleniumLibrary">
<arg>window.scrollTo(0,3000)</arg>
<doc>Executes the given JavaScript code with possible arguments.</doc>
<msg timestamp="20220927 17:50:51.153" level="INFO">Executing JavaScript:
window.scrollTo(0,3000)
Without any arguments.</msg>
<status status="PASS" starttime="20220927 17:50:51.153" endtime="20220927 17:50:51.664"/>
</kw>
<kw name="Execute Javascript" library="SeleniumLibrary">
<arg>window.scrollTo(0,document.body.scrollHeight)</arg>
<doc>Executes the given JavaScript code with possible arguments.</doc>
<msg timestamp="20220927 17:50:51.664" level="INFO">Executing JavaScript:
window.scrollTo(0,document.body.scrollHeight)
Without any arguments.</msg>
<status status="PASS" starttime="20220927 17:50:51.664" endtime="20220927 17:50:52.189"/>
</kw>
<status status="PASS" starttime="20220927 17:50:25.611" endtime="20220927 17:50:52.190"/>
</kw>
<kw name="Capture Page Screenshot" library="SeleniumLibrary">
<arg>${PROD_VR_IMAGES_OBTAINED}/prod_portfolio_alarms_VR_3995.png</arg>
<doc>Takes a screenshot of the current page and embeds it into a log file.</doc>
<msg timestamp="20220927 17:50:53.024" level="INFO" html="true">&lt;/td&gt;&lt;/tr&gt;&lt;tr&gt;&lt;td colspan="3"&gt;&lt;a href="path/prod_portfolio_alarms_VR_3995.png"&gt;&lt;img src="path/prod_portfolio_alarms_VR_3995.png" width="800px"&gt;&lt;/a&gt;</msg>
<status status="PASS" starttime="20220927 17:50:52.190" endtime="20220927 17:50:53.024"/>
</kw>
<kw name="Compare Images" library="WatchUI">
<arg>${VR_REFERENCE_IMAGE_FOLDER}/reference_3995_endresult.png</arg>
<arg>${PREPROD_VR_IMAGES_OBTAINED}/preprod_portfolio_alarms_VR_3995.png</arg>
<arg>save_folder=${PREPROD_VR_COMPARISON_PORTFOLIO}</arg>
<arg>ssim=0.70</arg>
<doc>Compares image on `compared_image_path` against base image on `base_image_path`.
Args:
    base_image_path (str): path to base image
    compared_image_path (str): path to compared image
    save_folder (str): path to the save folder
    ssim (float): SSIM threshold value
    image_format (str): image format, e.g. "png", "jpg"
Raises:
    TypeError:</doc>
<msg timestamp="20220927 17:50:53.186" level="FAIL">ValueError: Input images must have the same dimensions.</msg>
<status status="FAIL" starttime="20220927 17:50:53.025" endtime="20220927 17:50:53.193"/>
</kw>
<kw name="Finalize Test Case" library="Keywords" type="TEARDOWN">
<doc>This will includ a wait time of 2 seconds and the [Teardown] close browser keyword</doc>
<kw name="Sleep" library="BuiltIn">
<arg>4s</arg>
<doc>Pauses the test executed for the given time.</doc>
<msg timestamp="20220927 17:50:57.196" level="INFO">Slept 4 seconds</msg>
<status status="PASS" starttime="20220927 17:50:53.195" endtime="20220927 17:50:57.196"/>
</kw>
<kw name="Close Browser" library="SeleniumLibrary" type="TEARDOWN">
<doc>Closes the current browser.</doc>
<status status="PASS" starttime="20220927 17:50:57.196" endtime="20220927 17:50:57.784"/>
</kw>
<status status="PASS" starttime="20220927 17:50:53.194" endtime="20220927 17:50:57.785"/>
</kw>
<doc>Validation of the scroll bars behaviour</doc>
<tag>3995</tag>
<tag>demonstration</tag>
<tag>portfolio</tag>
<tag>prod</tag>
<tag>regression</tag>
<tag>sprint61</tag>
<tag>tasks</tag>
<tag>VR</tag>
<status status="FAIL" starttime="20220927 17:49:46.880" endtime="20220927 17:50:57.785">ValueError: Input images must have the same dimensions.</status>
</test>
<doc>Prod | Portfolio Regression</doc>
<status status="FAIL" starttime="20220927 17:49:44.555" endtime="20220927 17:50:57.786"/>
</suite>
<status status="FAIL" starttime="20220927 17:49:44.533" endtime="20220927 17:50:57.790"/>
</suite>
<statistics>
<total>
<stat pass="0" fail="1" skip="0">All Tests</stat>
</total>
<tag>
<stat pass="0" fail="1" skip="0">3995</stat>
<stat pass="0" fail="1" skip="0">demonstration</stat>
<stat pass="0" fail="1" skip="0">portfolio</stat>
<stat pass="0" fail="1" skip="0">prod</stat>
<stat pass="0" fail="1" skip="0">regression</stat>
<stat pass="0" fail="1" skip="0">sprint61</stat>
<stat pass="0" fail="1" skip="0">tasks</stat>
<stat pass="0" fail="1" skip="0">VR</stat>
</tag>
<suite>
<stat pass="0" fail="1" skip="0" id="s1" name="Production">Production</stat>
<stat pass="0" fail="1" skip="0" id="s1-s1" name="Portfolio">Production.Portfolio</stat>
</suite>
</statistics>
<errors>
<msg timestamp="20220927 17:49:46.860" level="ERROR">Error in file '/Users/runtime/PycharmProjects/RuntimeRegression/Tests/TestSuites/3E/RegressionTests/Production/Portfolio.robot' on line 13: Importing library 'AutoItLibrary' failed: ModuleNotFoundError: No module named 'AutoItLibrary'
Traceback (most recent call last):
  None
PYTHONPATH:
  /Users/runtime/PycharmProjects/RuntimeRegression
  /Library/Frameworks/Python.framework/Versions/3.10/lib/python310.zip
  /Library/Frameworks/Python.framework/Versions/3.10/lib/python3.10
  /Library/Frameworks/Python.framework/Versions/3.10/lib/python3.10/lib-dynload
  /Library/Frameworks/Python.framework/Versions/3.10/lib/python3.10/site-packages</msg>
</errors>
</robot>
