<?xml version="1.0" encoding="UTF-8"?>
<robot generator="Robot 5.0.1 (Python 3.10.5 on darwin)" generated="20220727 15:27:00.831" rpa="false" schemaversion="3">
<suite id="s1" name="RegressionDemo" source="/Users/runtime/PycharmProjects/RuntimeRegression/Tests/TestSuites/3E/RegressionTests/RegressionDemo.robot">
<test id="s1-t1" name="Portfolio Test Cases" line="24">
<kw name="Open Browser To Local Login Page">
<kw name="Open Browser" library="SeleniumLibrary">
<arg>${LOCAL LOGIN URL}</arg>
<arg>${BROWSER1}</arg>
<doc>Opens a new browser instance to the optional ``url``.</doc>
<msg timestamp="20220727 15:27:00.990" level="INFO">Opening browser 'chrome' to base url 'http://localhost:3000/portfoliomanager/sign-in'.</msg>
<status status="PASS" starttime="20220727 15:27:00.990" endtime="20220727 15:27:05.081"/>
</kw>
<status status="PASS" starttime="20220727 15:27:00.989" endtime="20220727 15:27:05.081"/>
</kw>
<kw name="Close Browser" library="SeleniumLibrary">
<doc>Closes the current browser.</doc>
<status status="PASS" starttime="20220727 15:27:05.082" endtime="20220727 15:27:05.205"/>
</kw>
<doc>Check an alarm on Portfolio</doc>
<tag>alarms</tag>
<tag>demo</tag>
<tag>portfolio</tag>
<tag>regression</tag>
<status status="PASS" starttime="20220727 15:27:00.988" endtime="20220727 15:27:05.207"/>
</test>
<status status="PASS" starttime="20220727 15:27:00.833" endtime="20220727 15:27:05.208"/>
</suite>
<statistics>
<total>
<stat pass="1" fail="0" skip="0">All Tests</stat>
</total>
<tag>
<stat pass="1" fail="0" skip="0">alarms</stat>
<stat pass="1" fail="0" skip="0">demo</stat>
<stat pass="1" fail="0" skip="0">portfolio</stat>
<stat pass="1" fail="0" skip="0">regression</stat>
</tag>
<suite>
<stat pass="1" fail="0" skip="0" id="s1" name="RegressionDemo">RegressionDemo</stat>
</suite>
</statistics>
<errors>
<msg timestamp="20220727 15:27:00.987" level="ERROR">Error in file '/Users/runtime/PycharmProjects/RuntimeRegression/Tests/TestSuites/3E/RegressionTests/RegressionDemo.robot' on line 8: Resource setting requires value.</msg>
</errors>
</robot>
